<?xml version="1.0" encoding="UTF-8" standalone="yes"?>
<testsuites>
    <testsuite name="Android 9 All Devices || Android(9.0) (OnePlus5T)" timestamp="2021-02-22 15:39:55.0" tests="21" failures="21" errors="21" time="317.153">
        <properties>
            <property name="Testsigma reports URL" value="https://app.testsigma.com/#/projects/15/applications/32/version/46/report/executions/235/runs/654/environments"/>
        </properties>
        <testcase name="TC - 020(P)Multiple Profile Checks" classname="TS - 020(P)Multiple Profile Checks" time="102.570">
            <failure>Test failed with message:"Test Case execution aborted on major test step failure.Unable to perform specified action on current page - An unknown server-side error occurred while processing the command. Original error: Could not proxy command to remote server. Original error: Error: socket hang up
Build info: version: '3.141.59', revision: 'e82be7d358', time: '2018-11-14T08:17:03'
System info: host: 'agent2', ip: '127.0.1.1', os.name: 'Linux', os.arch: 'amd64', os.version: '3.10.0-1127.19.1.el7.x86_64', java.version: '9.0.4'
Driver info: io.appium.java_client.android.Andro... . Check step results for more details.".please visit below URL for more details.
 https://app.testsigma.com/#/projects/15/applications/32/version/46/report/executions/235/runs/654/environments</failure>
        </testcase>
        <testcase name="TC - 001(P)To verify CAC installation" classname="TS - 001(P)To verify CAC installation" time="06.707">
            <failure>Test failed with message:"Test Case execution aborted on major test step failure.Unable to perform specified action on current page - An unknown server-side error occurred while processing the command. Original error: Could not proxy command to remote server. Original error: Error: socket hang up
Build info: version: '3.141.59', revision: 'e82be7d358', time: '2018-11-14T08:17:03'
System info: host: 'agent2', ip: '127.0.1.1', os.name: 'Linux', os.arch: 'amd64', os.version: '3.10.0-1127.19.1.el7.x86_64', java.version: '9.0.4'
Driver info: io.appium.java_client.android.Andro... . Check step results for more details.".please visit below URL for more details.
 https://app.testsigma.com/#/projects/15/applications/32/version/46/report/executions/235/runs/654/environments</failure>
        </testcase>
        <testcase name="TC - 002(P)To verify CAC uninstallation" classname="TS - 002(P)To verify CAC uninstallation" time="07.962">
            <failure>Test failed with message:"Test Case execution aborted on major test step failure.Unable to perform specified action on current page - An unknown server-side error occurred while processing the command. Original error: Could not proxy command to remote server. Original error: Error: socket hang up
Build info: version: '3.141.59', revision: 'e82be7d358', time: '2018-11-14T08:17:03'
System info: host: 'agent2', ip: '127.0.1.1', os.name: 'Linux', os.arch: 'amd64', os.version: '3.10.0-1127.19.1.el7.x86_64', java.version: '9.0.4'
Driver info: io.appium.java_client.android.Andro... . Check step results for more details.".please visit below URL for more details.
 https://app.testsigma.com/#/projects/15/applications/32/version/46/report/executions/235/runs/654/environments</failure>
        </testcase>
        <testcase name="TC - 010(P)Verify Provisioned profile is cleared upon uninstalling the app*" classname="TS - 010(P)Verify Provisioned profile is cleared upon uninstalling the app*" time="07.403">
            <failure>Test failed with message:"Test Case execution aborted on major test step failure.Unable to perform specified action on current page - An unknown server-side error occurred while processing the command. Original error: Could not proxy command to remote server. Original error: Error: socket hang up
Build info: version: '3.141.59', revision: 'e82be7d358', time: '2018-11-14T08:17:03'
System info: host: 'agent2', ip: '127.0.1.1', os.name: 'Linux', os.arch: 'amd64', os.version: '3.10.0-1127.19.1.el7.x86_64', java.version: '9.0.4'
Driver info: io.appium.java_client.android.Andro... . Check step results for more details.".please visit below URL for more details.
 https://app.testsigma.com/#/projects/15/applications/32/version/46/report/executions/235/runs/654/environments</failure>
        </testcase>
        <testcase name="TC - 013(P)Verify Retry functionality" classname="TS - 013(P)Verify Retry functionality" time="06.768">
            <failure>Test failed with message:"Test Case execution aborted on major test step failure.Unable to perform specified action on current page - An unknown server-side error occurred while processing the command. Original error: Could not proxy command to remote server. Original error: Error: socket hang up
Build info: version: '3.141.59', revision: 'e82be7d358', time: '2018-11-14T08:17:03'
System info: host: 'agent2', ip: '127.0.1.1', os.name: 'Linux', os.arch: 'amd64', os.version: '3.10.0-1127.19.1.el7.x86_64', java.version: '9.0.4'
Driver info: io.appium.java_client.android.Andro... . Check step results for more details.".please visit below URL for more details.
 https://app.testsigma.com/#/projects/15/applications/32/version/46/report/executions/235/runs/654/environments</failure>
        </testcase>
        <testcase name="TC - 014(P)Verify Error Page is coming on any failure" classname="TS - 014(P)Verify Error Page is coming on any failure" time="12.752">
            <failure>Test failed with message:"Test Case execution aborted on major test step failure.Unable to perform specified action on current page - An unknown server-side error occurred while processing the command. Original error: Could not proxy command to remote server. Original error: Error: socket hang up
Build info: version: '3.141.59', revision: 'e82be7d358', time: '2018-11-14T08:17:03'
System info: host: 'agent2', ip: '127.0.1.1', os.name: 'Linux', os.arch: 'amd64', os.version: '3.10.0-1127.19.1.el7.x86_64', java.version: '9.0.4'
Driver info: io.appium.java_client.android.Andro... . Check step results for more details.".please visit below URL for more details.
 https://app.testsigma.com/#/projects/15/applications/32/version/46/report/executions/235/runs/654/environments</failure>
        </testcase>
        <testcase name="TC - 015(P)/TC - 016(P)Verify App version with the build number/Verify HPE Privacy link" classname="TS - 015(P)/TS - 016(P)Verify App version with the build number/Verify HPE Privacy link" time="05.763">
            <failure>Test failed with message:"Test Case execution aborted on major test step failure.Unable to perform specified action on current page - An unknown server-side error occurred while processing the command. Original error: Could not proxy command to remote server. Original error: Error: socket hang up
Build info: version: '3.141.59', revision: 'e82be7d358', time: '2018-11-14T08:17:03'
System info: host: 'agent2', ip: '127.0.1.1', os.name: 'Linux', os.arch: 'amd64', os.version: '3.10.0-1127.19.1.el7.x86_64', java.version: '9.0.4'
Driver info: io.appium.java_client.android.Andro... . Check step results for more details.".please visit below URL for more details.
 https://app.testsigma.com/#/projects/15/applications/32/version/46/report/executions/235/runs/654/environments</failure>
        </testcase>
        <testcase name="TC - 023(P)Verify the details on the provisioned profile card(ssid/organisation name)" classname="TS - 023(P)Verify the details on the provisioned profile card(ssid/organisation name)" time="07.615">
            <failure>Test failed with message:"Test Case execution aborted on major test step failure.Unable to perform specified action on current page - An unknown server-side error occurred while processing the command. Original error: Could not proxy command to remote server. Original error: Error: socket hang up
Build info: version: '3.141.59', revision: 'e82be7d358', time: '2018-11-14T08:17:03'
System info: host: 'agent2', ip: '127.0.1.1', os.name: 'Linux', os.arch: 'amd64', os.version: '3.10.0-1127.19.1.el7.x86_64', java.version: '9.0.4'
Driver info: io.appium.java_client.android.Andro... . Check step results for more details.".please visit below URL for more details.
 https://app.testsigma.com/#/projects/15/applications/32/version/46/report/executions/235/runs/654/environments</failure>
        </testcase>
        <testcase name="TC - 001(N)Check app's behaviour when browser redirect data is corrupt" classname="TS - 001(N)Check app's behaviour when browser redirect data is corrupt" time="06.908">
            <failure>Test failed with message:"Test Case execution aborted on major test step failure.Unable to perform specified action on current page - An unknown server-side error occurred while processing the command. Original error: Could not proxy command to remote server. Original error: Error: socket hang up
Build info: version: '3.141.59', revision: 'e82be7d358', time: '2018-11-14T08:17:03'
System info: host: 'agent2', ip: '127.0.1.1', os.name: 'Linux', os.arch: 'amd64', os.version: '3.10.0-1127.19.1.el7.x86_64', java.version: '9.0.4'
Driver info: io.appium.java_client.android.Andro... . Check step results for more details.".please visit below URL for more details.
 https://app.testsigma.com/#/projects/15/applications/32/version/46/report/executions/235/runs/654/environments</failure>
        </testcase>
        <testcase name="TC - 004(N)Check app's behaviour if user re-starts provisioning while provisioning is in progress." classname="TS - 004(N)Check app's behaviour if user re-starts provisioning while provisioning is in progress." time="06.797">
            <failure>Test failed with message:"Test Case execution aborted on major test step failure.Unable to perform specified action on current page - An unknown server-side error occurred while processing the command. Original error: Could not proxy command to remote server. Original error: Error: socket hang up
Build info: version: '3.141.59', revision: 'e82be7d358', time: '2018-11-14T08:17:03'
System info: host: 'agent2', ip: '127.0.1.1', os.name: 'Linux', os.arch: 'amd64', os.version: '3.10.0-1127.19.1.el7.x86_64', java.version: '9.0.4'
Driver info: io.appium.java_client.android.Andro... . Check step results for more details.".please visit below URL for more details.
 https://app.testsigma.com/#/projects/15/applications/32/version/46/report/executions/235/runs/654/environments</failure>
        </testcase>
        <testcase name="TC - 012(N)Check app's behaviour when profile is already installed with app based provisioning and user tries web provisioning" classname="TS - 012(N)Check app's behaviour when profile is already installed with app based provisioning and user tries web provisioning" time="07.475">
            <failure>Test failed with message:"Test Case execution aborted on major test step failure.Unable to perform specified action on current page - An unknown server-side error occurred while processing the command. Original error: Could not proxy command to remote server. Original error: Error: socket hang up
Build info: version: '3.141.59', revision: 'e82be7d358', time: '2018-11-14T08:17:03'
System info: host: 'agent2', ip: '127.0.1.1', os.name: 'Linux', os.arch: 'amd64', os.version: '3.10.0-1127.19.1.el7.x86_64', java.version: '9.0.4'
Driver info: io.appium.java_client.android.Andro... . Check step results for more details.".please visit below URL for more details.
 https://app.testsigma.com/#/projects/15/applications/32/version/46/report/executions/235/runs/654/environments</failure>
        </testcase>
        <testcase name="TC - 013(N)Check app's behaviour if user denies any consent/permission" classname="TS - 013(N)Check app's behaviour if user denies any consent/permission" time="07.733">
            <failure>Test failed with message:"Test Case execution aborted on major test step failure.Unable to perform specified action on current page - An unknown server-side error occurred while processing the command. Original error: Could not proxy command to remote server. Original error: Error: socket hang up
Build info: version: '3.141.59', revision: 'e82be7d358', time: '2018-11-14T08:17:03'
System info: host: 'agent2', ip: '127.0.1.1', os.name: 'Linux', os.arch: 'amd64', os.version: '3.10.0-1127.19.1.el7.x86_64', java.version: '9.0.4'
Driver info: io.appium.java_client.android.Andro... . Check step results for more details.".please visit below URL for more details.
 https://app.testsigma.com/#/projects/15/applications/32/version/46/report/executions/235/runs/654/environments</failure>
        </testcase>
        <testcase name="TC - 014(N)Check app's behaviour if user manually removes profile from system settings" classname="TS - 014(N)Check app's behaviour if user manually removes profile from system settings" time="07.892">
            <failure>Test failed with message:"Test Case execution aborted on major test step failure.Unable to perform specified action on current page - An unknown server-side error occurred while processing the command. Original error: Could not proxy command to remote server. Original error: Error: socket hang up
Build info: version: '3.141.59', revision: 'e82be7d358', time: '2018-11-14T08:17:03'
System info: host: 'agent2', ip: '127.0.1.1', os.name: 'Linux', os.arch: 'amd64', os.version: '3.10.0-1127.19.1.el7.x86_64', java.version: '9.0.4'
Driver info: io.appium.java_client.android.Andro... . Check step results for more details.".please visit below URL for more details.
 https://app.testsigma.com/#/projects/15/applications/32/version/46/report/executions/235/runs/654/environments</failure>
        </testcase>
        <testcase name="TC - 016(N)Check app's behaviour if user manually clears local storage of app" classname="TS - 016(N)Check app's behaviour if user manually clears local storage of app" time="08.214">
            <failure>Test failed with message:"Test Case execution aborted on major test step failure.Unable to perform specified action on current page - An unknown server-side error occurred while processing the command. Original error: Could not proxy command to remote server. Original error: Error: socket hang up
Build info: version: '3.141.59', revision: 'e82be7d358', time: '2018-11-14T08:17:03'
System info: host: 'agent2', ip: '127.0.1.1', os.name: 'Linux', os.arch: 'amd64', os.version: '3.10.0-1127.19.1.el7.x86_64', java.version: '9.0.4'
Driver info: io.appium.java_client.android.Andro... . Check step results for more details.".please visit below URL for more details.
 https://app.testsigma.com/#/projects/15/applications/32/version/46/report/executions/235/runs/654/environments</failure>
        </testcase>
        <testcase name="TC - 017(N)Check app's behaviour with multi-instance scenario(App with non-running status)" classname="TS - 017(N)Check app's behaviour with multi-instance scenario(App with non-running status)" time="05.973">
            <failure>Test failed with message:"Test Case execution aborted on major test step failure.Unable to perform specified action on current page - An unknown server-side error occurred while processing the command. Original error: Could not proxy command to remote server. Original error: Error: socket hang up
Build info: version: '3.141.59', revision: 'e82be7d358', time: '2018-11-14T08:17:03'
System info: host: 'agent2', ip: '127.0.1.1', os.name: 'Linux', os.arch: 'amd64', os.version: '3.10.0-1127.19.1.el7.x86_64', java.version: '9.0.4'
Driver info: io.appium.java_client.android.Andro... . Check step results for more details.".please visit below URL for more details.
 https://app.testsigma.com/#/projects/15/applications/32/version/46/report/executions/235/runs/654/environments</failure>
        </testcase>
        <testcase name="TC - 017(N)Check app's behaviour with multi-instance scenario(App with running status)" classname="TS - 017(N)Check app's behaviour with multi-instance scenario(App with running status)" time="07.300">
            <failure>Test failed with message:"Test Case execution aborted on major test step failure.Unable to perform specified action on current page - An unknown server-side error occurred while processing the command. Original error: Could not proxy command to remote server. Original error: Error: socket hang up
Build info: version: '3.141.59', revision: 'e82be7d358', time: '2018-11-14T08:17:03'
System info: host: 'agent2', ip: '127.0.1.1', os.name: 'Linux', os.arch: 'amd64', os.version: '3.10.0-1127.19.1.el7.x86_64', java.version: '9.0.4'
Driver info: io.appium.java_client.android.Andro... . Check step results for more details.".please visit below URL for more details.
 https://app.testsigma.com/#/projects/15/applications/32/version/46/report/executions/235/runs/654/environments</failure>
        </testcase>
        <testcase name="TC - 003(N)Check app's behaviour when internet is abruptly goes off while provisioning the device" classname="TS - 003(N)Check app's behaviour when internet is abruptly goes off while provisioning the device" time="07.592">
            <failure>Test failed with message:"Test Case execution aborted on major test step failure.Unable to perform specified action on current page - An unknown server-side error occurred while processing the command. Original error: Could not proxy command to remote server. Original error: Error: socket hang up
Build info: version: '3.141.59', revision: 'e82be7d358', time: '2018-11-14T08:17:03'
System info: host: 'agent2', ip: '127.0.1.1', os.name: 'Linux', os.arch: 'amd64', os.version: '3.10.0-1127.19.1.el7.x86_64', java.version: '9.0.4'
Driver info: io.appium.java_client.android.Andro... . Check step results for more details.".please visit below URL for more details.
 https://app.testsigma.com/#/projects/15/applications/32/version/46/report/executions/235/runs/654/environments</failure>
        </testcase>
        <testcase name="TC - 007(N)Check app's behaviour with multiple browsers" classname="TS - 007(N)Check app's behaviour with multiple browsers" time="16.990">
            <failure>Test failed with message:"Test Case execution aborted on major test step failure.Unable to perform specified action on current page - An unknown server-side error occurred while processing the command. Original error: Could not proxy command to remote server. Original error: Error: socket hang up
Build info: version: '3.141.59', revision: 'e82be7d358', time: '2018-11-14T08:17:03'
System info: host: 'agent2', ip: '127.0.1.1', os.name: 'Linux', os.arch: 'amd64', os.version: '3.10.0-1127.19.1.el7.x86_64', java.version: '9.0.4'
Driver info: io.appium.java_client.android.Andro... . Check step results for more details.".please visit below URL for more details.
 https://app.testsigma.com/#/projects/15/applications/32/version/46/report/executions/235/runs/654/environments</failure>
        </testcase>
        <testcase name="TC - 008(N)Check app's behaviour without internet" classname="TS - 008(N)Check app's behaviour without internet" time="06.767">
            <failure>Test failed with message:"Test Case execution aborted on major test step failure.Unable to perform specified action on current page - An unknown server-side error occurred while processing the command. Original error: Could not proxy command to remote server. Original error: Error: socket hang up
Build info: version: '3.141.59', revision: 'e82be7d358', time: '2018-11-14T08:17:03'
System info: host: 'agent2', ip: '127.0.1.1', os.name: 'Linux', os.arch: 'amd64', os.version: '3.10.0-1127.19.1.el7.x86_64', java.version: '9.0.4'
Driver info: io.appium.java_client.android.Andro... . Check step results for more details.".please visit below URL for more details.
 https://app.testsigma.com/#/projects/15/applications/32/version/46/report/executions/235/runs/654/environments</failure>
        </testcase>
        <testcase name="TC - 010(N)Check app's behaviour with same profile being provisioned twice" classname="TS - 010(N)Check app's behaviour with same profile being provisioned twice" time="07.132">
            <failure>Test failed with message:"Test Case execution aborted on major test step failure.Unable to perform specified action on current page - An unknown server-side error occurred while processing the command. Original error: Could not proxy command to remote server. Original error: Error: socket hang up
Build info: version: '3.141.59', revision: 'e82be7d358', time: '2018-11-14T08:17:03'
System info: host: 'agent2', ip: '127.0.1.1', os.name: 'Linux', os.arch: 'amd64', os.version: '3.10.0-1127.19.1.el7.x86_64', java.version: '9.0.4'
Driver info: io.appium.java_client.android.Andro... . Check step results for more details.".please visit below URL for more details.
 https://app.testsigma.com/#/projects/15/applications/32/version/46/report/executions/235/runs/654/environments</failure>
        </testcase>
        <testcase name="TC - 006(N)Check app's behaviour when user retries provisioning after failure with exhausted OTP" classname="TS - 006(N)Check app's behaviour when user retries provisioning after failure with exhausted OTP" time="08.822">
            <failure>Test failed with message:"Test Case execution aborted on major test step failure.Unable to perform specified action on current page - An unknown server-side error occurred while processing the command. Original error: Could not proxy command to remote server. Original error: Error: socket hang up
Build info: version: '3.141.59', revision: 'e82be7d358', time: '2018-11-14T08:17:03'
System info: host: 'agent2', ip: '127.0.1.1', os.name: 'Linux', os.arch: 'amd64', os.version: '3.10.0-1127.19.1.el7.x86_64', java.version: '9.0.4'
Driver info: io.appium.java_client.android.Andro... . Check step results for more details.".please visit below URL for more details.
 https://app.testsigma.com/#/projects/15/applications/32/version/46/report/executions/235/runs/654/environments</failure>
        </testcase>
        <system-out>For More info on results, visit https://app.testsigma.com/#/projects/15/applications/32/version/46/report/executions/235/runs/654/environments</system-out>
    </testsuite>
    <testsuite name="Android 9 All Devices || Android(9.0) (OnePlus5)" timestamp="2021-02-22 15:45:17.0" tests="21" failures="21" errors="21" time="02.854">
        <properties>
            <property name="Testsigma reports URL" value="https://app.testsigma.com/#/projects/15/applications/32/version/46/report/executions/235/runs/654/environments"/>
        </properties>
        <testcase name="TC - 020(P)Multiple Profile Checks" classname="TS - 020(P)Multiple Profile Checks" time="00.000">
            <failure>Test failed with message:"Unable to create a new Test Session due to unexpected failure(0x537).  No device matching the desired capabilities
".please visit below URL for more details.
 https://app.testsigma.com/#/projects/15/applications/32/version/46/report/executions/235/runs/654/environments</failure>
        </testcase>
        <testcase name="TC - 001(P)To verify CAC installation" classname="TS - 001(P)To verify CAC installation" time="00.000">
            <failure>Test failed with message:"Unable to create a new Test Session due to unexpected failure(0x537).  No device matching the desired capabilities
".please visit below URL for more details.
 https://app.testsigma.com/#/projects/15/applications/32/version/46/report/executions/235/runs/654/environments</failure>
        </testcase>
        <testcase name="TC - 002(P)To verify CAC uninstallation" classname="TS - 002(P)To verify CAC uninstallation" time="00.000">
            <failure>Test failed with message:"Unable to create a new Test Session due to unexpected failure(0x537).  No device matching the desired capabilities
".please visit below URL for more details.
 https://app.testsigma.com/#/projects/15/applications/32/version/46/report/executions/235/runs/654/environments</failure>
        </testcase>
        <testcase name="TC - 010(P)Verify Provisioned profile is cleared upon uninstalling the app*" classname="TS - 010(P)Verify Provisioned profile is cleared upon uninstalling the app*" time="00.000">
            <failure>Test failed with message:"Unable to create a new Test Session due to unexpected failure(0x537).  No device matching the desired capabilities
".please visit below URL for more details.
 https://app.testsigma.com/#/projects/15/applications/32/version/46/report/executions/235/runs/654/environments</failure>
        </testcase>
        <testcase name="TC - 013(P)Verify Retry functionality" classname="TS - 013(P)Verify Retry functionality" time="00.000">
            <failure>Test failed with message:"Unable to create a new Test Session due to unexpected failure(0x537).  No device matching the desired capabilities
".please visit below URL for more details.
 https://app.testsigma.com/#/projects/15/applications/32/version/46/report/executions/235/runs/654/environments</failure>
        </testcase>
        <testcase name="TC - 014(P)Verify Error Page is coming on any failure" classname="TS - 014(P)Verify Error Page is coming on any failure" time="00.000">
            <failure>Test failed with message:"Unable to create a new Test Session due to unexpected failure(0x537).  No device matching the desired capabilities
".please visit below URL for more details.
 https://app.testsigma.com/#/projects/15/applications/32/version/46/report/executions/235/runs/654/environments</failure>
        </testcase>
        <testcase name="TC - 015(P)/TC - 016(P)Verify App version with the build number/Verify HPE Privacy link" classname="TS - 015(P)/TS - 016(P)Verify App version with the build number/Verify HPE Privacy link" time="00.000">
            <failure>Test failed with message:"Unable to create a new Test Session due to unexpected failure(0x537).  No device matching the desired capabilities
".please visit below URL for more details.
 https://app.testsigma.com/#/projects/15/applications/32/version/46/report/executions/235/runs/654/environments</failure>
        </testcase>
        <testcase name="TC - 023(P)Verify the details on the provisioned profile card(ssid/organisation name)" classname="TS - 023(P)Verify the details on the provisioned profile card(ssid/organisation name)" time="00.000">
            <failure>Test failed with message:"Unable to create a new Test Session due to unexpected failure(0x537).  No device matching the desired capabilities
".please visit below URL for more details.
 https://app.testsigma.com/#/projects/15/applications/32/version/46/report/executions/235/runs/654/environments</failure>
        </testcase>
        <testcase name="TC - 001(N)Check app's behaviour when browser redirect data is corrupt" classname="TS - 001(N)Check app's behaviour when browser redirect data is corrupt" time="00.000">
            <failure>Test failed with message:"Unable to create a new Test Session due to unexpected failure(0x537).  No device matching the desired capabilities
".please visit below URL for more details.
 https://app.testsigma.com/#/projects/15/applications/32/version/46/report/executions/235/runs/654/environments</failure>
        </testcase>
        <testcase name="TC - 004(N)Check app's behaviour if user re-starts provisioning while provisioning is in progress." classname="TS - 004(N)Check app's behaviour if user re-starts provisioning while provisioning is in progress." time="00.000">
            <failure>Test failed with message:"Unable to create a new Test Session due to unexpected failure(0x537).  No device matching the desired capabilities
".please visit below URL for more details.
 https://app.testsigma.com/#/projects/15/applications/32/version/46/report/executions/235/runs/654/environments</failure>
        </testcase>
        <testcase name="TC - 012(N)Check app's behaviour when profile is already installed with app based provisioning and user tries web provisioning" classname="TS - 012(N)Check app's behaviour when profile is already installed with app based provisioning and user tries web provisioning" time="00.000">
            <failure>Test failed with message:"Unable to create a new Test Session due to unexpected failure(0x537).  No device matching the desired capabilities
".please visit below URL for more details.
 https://app.testsigma.com/#/projects/15/applications/32/version/46/report/executions/235/runs/654/environments</failure>
        </testcase>
        <testcase name="TC - 013(N)Check app's behaviour if user denies any consent/permission" classname="TS - 013(N)Check app's behaviour if user denies any consent/permission" time="00.000">
            <failure>Test failed with message:"Unable to create a new Test Session due to unexpected failure(0x537).  No device matching the desired capabilities
".please visit below URL for more details.
 https://app.testsigma.com/#/projects/15/applications/32/version/46/report/executions/235/runs/654/environments</failure>
        </testcase>
        <testcase name="TC - 014(N)Check app's behaviour if user manually removes profile from system settings" classname="TS - 014(N)Check app's behaviour if user manually removes profile from system settings" time="00.000">
            <failure>Test failed with message:"Unable to create a new Test Session due to unexpected failure(0x537).  No device matching the desired capabilities
".please visit below URL for more details.
 https://app.testsigma.com/#/projects/15/applications/32/version/46/report/executions/235/runs/654/environments</failure>
        </testcase>
        <testcase name="TC - 016(N)Check app's behaviour if user manually clears local storage of app" classname="TS - 016(N)Check app's behaviour if user manually clears local storage of app" time="00.000">
            <failure>Test failed with message:"Unable to create a new Test Session due to unexpected failure(0x537).  No device matching the desired capabilities
".please visit below URL for more details.
 https://app.testsigma.com/#/projects/15/applications/32/version/46/report/executions/235/runs/654/environments</failure>
        </testcase>
        <testcase name="TC - 017(N)Check app's behaviour with multi-instance scenario(App with non-running status)" classname="TS - 017(N)Check app's behaviour with multi-instance scenario(App with non-running status)" time="00.000">
            <failure>Test failed with message:"Unable to create a new Test Session due to unexpected failure(0x537).  No device matching the desired capabilities
".please visit below URL for more details.
 https://app.testsigma.com/#/projects/15/applications/32/version/46/report/executions/235/runs/654/environments</failure>
        </testcase>
        <testcase name="TC - 017(N)Check app's behaviour with multi-instance scenario(App with running status)" classname="TS - 017(N)Check app's behaviour with multi-instance scenario(App with running status)" time="00.000">
            <failure>Test failed with message:"Unable to create a new Test Session due to unexpected failure(0x537).  No device matching the desired capabilities
".please visit below URL for more details.
 https://app.testsigma.com/#/projects/15/applications/32/version/46/report/executions/235/runs/654/environments</failure>
        </testcase>
        <testcase name="TC - 003(N)Check app's behaviour when internet is abruptly goes off while provisioning the device" classname="TS - 003(N)Check app's behaviour when internet is abruptly goes off while provisioning the device" time="00.000">
            <failure>Test failed with message:"Unable to create a new Test Session due to unexpected failure(0x537).  No device matching the desired capabilities
".please visit below URL for more details.
 https://app.testsigma.com/#/projects/15/applications/32/version/46/report/executions/235/runs/654/environments</failure>
        </testcase>
        <testcase name="TC - 007(N)Check app's behaviour with multiple browsers" classname="TS - 007(N)Check app's behaviour with multiple browsers" time="00.000">
            <failure>Test failed with message:"Unable to create a new Test Session due to unexpected failure(0x537).  No device matching the desired capabilities
".please visit below URL for more details.
 https://app.testsigma.com/#/projects/15/applications/32/version/46/report/executions/235/runs/654/environments</failure>
        </testcase>
        <testcase name="TC - 008(N)Check app's behaviour without internet" classname="TS - 008(N)Check app's behaviour without internet" time="00.000">
            <failure>Test failed with message:"Unable to create a new Test Session due to unexpected failure(0x537).  No device matching the desired capabilities
".please visit below URL for more details.
 https://app.testsigma.com/#/projects/15/applications/32/version/46/report/executions/235/runs/654/environments</failure>
        </testcase>
        <testcase name="TC - 010(N)Check app's behaviour with same profile being provisioned twice" classname="TS - 010(N)Check app's behaviour with same profile being provisioned twice" time="00.000">
            <failure>Test failed with message:"Unable to create a new Test Session due to unexpected failure(0x537).  No device matching the desired capabilities
".please visit below URL for more details.
 https://app.testsigma.com/#/projects/15/applications/32/version/46/report/executions/235/runs/654/environments</failure>
        </testcase>
        <testcase name="TC - 006(N)Check app's behaviour when user retries provisioning after failure with exhausted OTP" classname="TS - 006(N)Check app's behaviour when user retries provisioning after failure with exhausted OTP" time="00.000">
            <failure>Test failed with message:"Unable to create a new Test Session due to unexpected failure(0x537).  No device matching the desired capabilities
".please visit below URL for more details.
 https://app.testsigma.com/#/projects/15/applications/32/version/46/report/executions/235/runs/654/environments</failure>
        </testcase>
        <system-out>For More info on results, visit https://app.testsigma.com/#/projects/15/applications/32/version/46/report/executions/235/runs/654/environments</system-out>
    </testsuite>
    <testsuite name="Android 9 All Devices || Android(9.0) (OnePlus ONEPLUS A3003)" timestamp="2021-02-22 15:45:23.0" tests="21" failures="21" errors="21" time="01.963">
        <properties>
            <property name="Testsigma reports URL" value="https://app.testsigma.com/#/projects/15/applications/32/version/46/report/executions/235/runs/654/environments"/>
        </properties>
        <testcase name="TC - 020(P)Multiple Profile Checks" classname="TS - 020(P)Multiple Profile Checks" time="00.000">
            <failure>Test failed with message:"Unable to create a new Test Session due to unexpected failure(0x537).  No device matching the desired capabilities
".please visit below URL for more details.
 https://app.testsigma.com/#/projects/15/applications/32/version/46/report/executions/235/runs/654/environments</failure>
        </testcase>
        <testcase name="TC - 001(P)To verify CAC installation" classname="TS - 001(P)To verify CAC installation" time="00.000">
            <failure>Test failed with message:"Unable to create a new Test Session due to unexpected failure(0x537).  No device matching the desired capabilities
".please visit below URL for more details.
 https://app.testsigma.com/#/projects/15/applications/32/version/46/report/executions/235/runs/654/environments</failure>
        </testcase>
        <testcase name="TC - 002(P)To verify CAC uninstallation" classname="TS - 002(P)To verify CAC uninstallation" time="00.000">
            <failure>Test failed with message:"Unable to create a new Test Session due to unexpected failure(0x537).  No device matching the desired capabilities
".please visit below URL for more details.
 https://app.testsigma.com/#/projects/15/applications/32/version/46/report/executions/235/runs/654/environments</failure>
        </testcase>
        <testcase name="TC - 010(P)Verify Provisioned profile is cleared upon uninstalling the app*" classname="TS - 010(P)Verify Provisioned profile is cleared upon uninstalling the app*" time="00.000">
            <failure>Test failed with message:"Unable to create a new Test Session due to unexpected failure(0x537).  No device matching the desired capabilities
".please visit below URL for more details.
 https://app.testsigma.com/#/projects/15/applications/32/version/46/report/executions/235/runs/654/environments</failure>
        </testcase>
        <testcase name="TC - 013(P)Verify Retry functionality" classname="TS - 013(P)Verify Retry functionality" time="00.000">
            <failure>Test failed with message:"Unable to create a new Test Session due to unexpected failure(0x537).  No device matching the desired capabilities
".please visit below URL for more details.
 https://app.testsigma.com/#/projects/15/applications/32/version/46/report/executions/235/runs/654/environments</failure>
        </testcase>
        <testcase name="TC - 014(P)Verify Error Page is coming on any failure" classname="TS - 014(P)Verify Error Page is coming on any failure" time="00.000">
            <failure>Test failed with message:"Unable to create a new Test Session due to unexpected failure(0x537).  No device matching the desired capabilities
".please visit below URL for more details.
 https://app.testsigma.com/#/projects/15/applications/32/version/46/report/executions/235/runs/654/environments</failure>
        </testcase>
        <testcase name="TC - 015(P)/TC - 016(P)Verify App version with the build number/Verify HPE Privacy link" classname="TS - 015(P)/TS - 016(P)Verify App version with the build number/Verify HPE Privacy link" time="00.000">
            <failure>Test failed with message:"Unable to create a new Test Session due to unexpected failure(0x537).  No device matching the desired capabilities
".please visit below URL for more details.
 https://app.testsigma.com/#/projects/15/applications/32/version/46/report/executions/235/runs/654/environments</failure>
        </testcase>
        <testcase name="TC - 023(P)Verify the details on the provisioned profile card(ssid/organisation name)" classname="TS - 023(P)Verify the details on the provisioned profile card(ssid/organisation name)" time="00.000">
            <failure>Test failed with message:"Unable to create a new Test Session due to unexpected failure(0x537).  No device matching the desired capabilities
".please visit below URL for more details.
 https://app.testsigma.com/#/projects/15/applications/32/version/46/report/executions/235/runs/654/environments</failure>
        </testcase>
        <testcase name="TC - 001(N)Check app's behaviour when browser redirect data is corrupt" classname="TS - 001(N)Check app's behaviour when browser redirect data is corrupt" time="00.000">
            <failure>Test failed with message:"Unable to create a new Test Session due to unexpected failure(0x537).  No device matching the desired capabilities
".please visit below URL for more details.
 https://app.testsigma.com/#/projects/15/applications/32/version/46/report/executions/235/runs/654/environments</failure>
        </testcase>
        <testcase name="TC - 004(N)Check app's behaviour if user re-starts provisioning while provisioning is in progress." classname="TS - 004(N)Check app's behaviour if user re-starts provisioning while provisioning is in progress." time="00.000">
            <failure>Test failed with message:"Unable to create a new Test Session due to unexpected failure(0x537).  No device matching the desired capabilities
".please visit below URL for more details.
 https://app.testsigma.com/#/projects/15/applications/32/version/46/report/executions/235/runs/654/environments</failure>
        </testcase>
        <testcase name="TC - 012(N)Check app's behaviour when profile is already installed with app based provisioning and user tries web provisioning" classname="TS - 012(N)Check app's behaviour when profile is already installed with app based provisioning and user tries web provisioning" time="00.000">
            <failure>Test failed with message:"Unable to create a new Test Session due to unexpected failure(0x537).  No device matching the desired capabilities
".please visit below URL for more details.
 https://app.testsigma.com/#/projects/15/applications/32/version/46/report/executions/235/runs/654/environments</failure>
        </testcase>
        <testcase name="TC - 013(N)Check app's behaviour if user denies any consent/permission" classname="TS - 013(N)Check app's behaviour if user denies any consent/permission" time="00.000">
            <failure>Test failed with message:"Unable to create a new Test Session due to unexpected failure(0x537).  No device matching the desired capabilities
".please visit below URL for more details.
 https://app.testsigma.com/#/projects/15/applications/32/version/46/report/executions/235/runs/654/environments</failure>
        </testcase>
        <testcase name="TC - 014(N)Check app's behaviour if user manually removes profile from system settings" classname="TS - 014(N)Check app's behaviour if user manually removes profile from system settings" time="00.000">
            <failure>Test failed with message:"Unable to create a new Test Session due to unexpected failure(0x537).  No device matching the desired capabilities
".please visit below URL for more details.
 https://app.testsigma.com/#/projects/15/applications/32/version/46/report/executions/235/runs/654/environments</failure>
        </testcase>
        <testcase name="TC - 016(N)Check app's behaviour if user manually clears local storage of app" classname="TS - 016(N)Check app's behaviour if user manually clears local storage of app" time="00.000">
            <failure>Test failed with message:"Unable to create a new Test Session due to unexpected failure(0x537).  No device matching the desired capabilities
".please visit below URL for more details.
 https://app.testsigma.com/#/projects/15/applications/32/version/46/report/executions/235/runs/654/environments</failure>
        </testcase>
        <testcase name="TC - 017(N)Check app's behaviour with multi-instance scenario(App with non-running status)" classname="TS - 017(N)Check app's behaviour with multi-instance scenario(App with non-running status)" time="00.000">
            <failure>Test failed with message:"Unable to create a new Test Session due to unexpected failure(0x537).  No device matching the desired capabilities
".please visit below URL for more details.
 https://app.testsigma.com/#/projects/15/applications/32/version/46/report/executions/235/runs/654/environments</failure>
        </testcase>
        <testcase name="TC - 017(N)Check app's behaviour with multi-instance scenario(App with running status)" classname="TS - 017(N)Check app's behaviour with multi-instance scenario(App with running status)" time="00.000">
            <failure>Test failed with message:"Unable to create a new Test Session due to unexpected failure(0x537).  No device matching the desired capabilities
".please visit below URL for more details.
 https://app.testsigma.com/#/projects/15/applications/32/version/46/report/executions/235/runs/654/environments</failure>
        </testcase>
        <testcase name="TC - 003(N)Check app's behaviour when internet is abruptly goes off while provisioning the device" classname="TS - 003(N)Check app's behaviour when internet is abruptly goes off while provisioning the device" time="00.000">
            <failure>Test failed with message:"Unable to create a new Test Session due to unexpected failure(0x537).  No device matching the desired capabilities
".please visit below URL for more details.
 https://app.testsigma.com/#/projects/15/applications/32/version/46/report/executions/235/runs/654/environments</failure>
        </testcase>
        <testcase name="TC - 007(N)Check app's behaviour with multiple browsers" classname="TS - 007(N)Check app's behaviour with multiple browsers" time="00.000">
            <failure>Test failed with message:"Unable to create a new Test Session due to unexpected failure(0x537).  No device matching the desired capabilities
".please visit below URL for more details.
 https://app.testsigma.com/#/projects/15/applications/32/version/46/report/executions/235/runs/654/environments</failure>
        </testcase>
        <testcase name="TC - 008(N)Check app's behaviour without internet" classname="TS - 008(N)Check app's behaviour without internet" time="00.000">
            <failure>Test failed with message:"Unable to create a new Test Session due to unexpected failure(0x537).  No device matching the desired capabilities
".please visit below URL for more details.
 https://app.testsigma.com/#/projects/15/applications/32/version/46/report/executions/235/runs/654/environments</failure>
        </testcase>
        <testcase name="TC - 010(N)Check app's behaviour with same profile being provisioned twice" classname="TS - 010(N)Check app's behaviour with same profile being provisioned twice" time="00.000">
            <failure>Test failed with message:"Unable to create a new Test Session due to unexpected failure(0x537).  No device matching the desired capabilities
".please visit below URL for more details.
 https://app.testsigma.com/#/projects/15/applications/32/version/46/report/executions/235/runs/654/environments</failure>
        </testcase>
        <testcase name="TC - 006(N)Check app's behaviour when user retries provisioning after failure with exhausted OTP" classname="TS - 006(N)Check app's behaviour when user retries provisioning after failure with exhausted OTP" time="00.000">
            <failure>Test failed with message:"Unable to create a new Test Session due to unexpected failure(0x537).  No device matching the desired capabilities
".please visit below URL for more details.
 https://app.testsigma.com/#/projects/15/applications/32/version/46/report/executions/235/runs/654/environments</failure>
        </testcase>
        <system-out>For More info on results, visit https://app.testsigma.com/#/projects/15/applications/32/version/46/report/executions/235/runs/654/environments</system-out>
    </testsuite>
    <testsuite name="Android 9 All Devices || Android(9.0) (Galaxy S8)" timestamp="2021-02-22 15:45:28.0" tests="21" failures="21" errors="21" time="02.057">
        <properties>
            <property name="Testsigma reports URL" value="https://app.testsigma.com/#/projects/15/applications/32/version/46/report/executions/235/runs/654/environments"/>
        </properties>
        <testcase name="TC - 020(P)Multiple Profile Checks" classname="TS - 020(P)Multiple Profile Checks" time="00.000">
            <failure>Test failed with message:"Unable to create a new Test Session due to unexpected failure(0x537).  No device matching the desired capabilities
".please visit below URL for more details.
 https://app.testsigma.com/#/projects/15/applications/32/version/46/report/executions/235/runs/654/environments</failure>
        </testcase>
        <testcase name="TC - 001(P)To verify CAC installation" classname="TS - 001(P)To verify CAC installation" time="00.000">
            <failure>Test failed with message:"Unable to create a new Test Session due to unexpected failure(0x537).  No device matching the desired capabilities
".please visit below URL for more details.
 https://app.testsigma.com/#/projects/15/applications/32/version/46/report/executions/235/runs/654/environments</failure>
        </testcase>
        <testcase name="TC - 002(P)To verify CAC uninstallation" classname="TS - 002(P)To verify CAC uninstallation" time="00.000">
            <failure>Test failed with message:"Unable to create a new Test Session due to unexpected failure(0x537).  No device matching the desired capabilities
".please visit below URL for more details.
 https://app.testsigma.com/#/projects/15/applications/32/version/46/report/executions/235/runs/654/environments</failure>
        </testcase>
        <testcase name="TC - 010(P)Verify Provisioned profile is cleared upon uninstalling the app*" classname="TS - 010(P)Verify Provisioned profile is cleared upon uninstalling the app*" time="00.000">
            <failure>Test failed with message:"Unable to create a new Test Session due to unexpected failure(0x537).  No device matching the desired capabilities
".please visit below URL for more details.
 https://app.testsigma.com/#/projects/15/applications/32/version/46/report/executions/235/runs/654/environments</failure>
        </testcase>
        <testcase name="TC - 013(P)Verify Retry functionality" classname="TS - 013(P)Verify Retry functionality" time="00.000">
            <failure>Test failed with message:"Unable to create a new Test Session due to unexpected failure(0x537).  No device matching the desired capabilities
".please visit below URL for more details.
 https://app.testsigma.com/#/projects/15/applications/32/version/46/report/executions/235/runs/654/environments</failure>
        </testcase>
        <testcase name="TC - 014(P)Verify Error Page is coming on any failure" classname="TS - 014(P)Verify Error Page is coming on any failure" time="00.000">
            <failure>Test failed with message:"Unable to create a new Test Session due to unexpected failure(0x537).  No device matching the desired capabilities
".please visit below URL for more details.
 https://app.testsigma.com/#/projects/15/applications/32/version/46/report/executions/235/runs/654/environments</failure>
        </testcase>
        <testcase name="TC - 015(P)/TC - 016(P)Verify App version with the build number/Verify HPE Privacy link" classname="TS - 015(P)/TS - 016(P)Verify App version with the build number/Verify HPE Privacy link" time="00.000">
            <failure>Test failed with message:"Unable to create a new Test Session due to unexpected failure(0x537).  No device matching the desired capabilities
".please visit below URL for more details.
 https://app.testsigma.com/#/projects/15/applications/32/version/46/report/executions/235/runs/654/environments</failure>
        </testcase>
        <testcase name="TC - 023(P)Verify the details on the provisioned profile card(ssid/organisation name)" classname="TS - 023(P)Verify the details on the provisioned profile card(ssid/organisation name)" time="00.000">
            <failure>Test failed with message:"Unable to create a new Test Session due to unexpected failure(0x537).  No device matching the desired capabilities
".please visit below URL for more details.
 https://app.testsigma.com/#/projects/15/applications/32/version/46/report/executions/235/runs/654/environments</failure>
        </testcase>
        <testcase name="TC - 001(N)Check app's behaviour when browser redirect data is corrupt" classname="TS - 001(N)Check app's behaviour when browser redirect data is corrupt" time="00.000">
            <failure>Test failed with message:"Unable to create a new Test Session due to unexpected failure(0x537).  No device matching the desired capabilities
".please visit below URL for more details.
 https://app.testsigma.com/#/projects/15/applications/32/version/46/report/executions/235/runs/654/environments</failure>
        </testcase>
        <testcase name="TC - 004(N)Check app's behaviour if user re-starts provisioning while provisioning is in progress." classname="TS - 004(N)Check app's behaviour if user re-starts provisioning while provisioning is in progress." time="00.000">
            <failure>Test failed with message:"Unable to create a new Test Session due to unexpected failure(0x537).  No device matching the desired capabilities
".please visit below URL for more details.
 https://app.testsigma.com/#/projects/15/applications/32/version/46/report/executions/235/runs/654/environments</failure>
        </testcase>
        <testcase name="TC - 012(N)Check app's behaviour when profile is already installed with app based provisioning and user tries web provisioning" classname="TS - 012(N)Check app's behaviour when profile is already installed with app based provisioning and user tries web provisioning" time="00.000">
            <failure>Test failed with message:"Unable to create a new Test Session due to unexpected failure(0x537).  No device matching the desired capabilities
".please visit below URL for more details.
 https://app.testsigma.com/#/projects/15/applications/32/version/46/report/executions/235/runs/654/environments</failure>
        </testcase>
        <testcase name="TC - 013(N)Check app's behaviour if user denies any consent/permission" classname="TS - 013(N)Check app's behaviour if user denies any consent/permission" time="00.000">
            <failure>Test failed with message:"Unable to create a new Test Session due to unexpected failure(0x537).  No device matching the desired capabilities
".please visit below URL for more details.
 https://app.testsigma.com/#/projects/15/applications/32/version/46/report/executions/235/runs/654/environments</failure>
        </testcase>
        <testcase name="TC - 014(N)Check app's behaviour if user manually removes profile from system settings" classname="TS - 014(N)Check app's behaviour if user manually removes profile from system settings" time="00.000">
            <failure>Test failed with message:"Unable to create a new Test Session due to unexpected failure(0x537).  No device matching the desired capabilities
".please visit below URL for more details.
 https://app.testsigma.com/#/projects/15/applications/32/version/46/report/executions/235/runs/654/environments</failure>
        </testcase>
        <testcase name="TC - 016(N)Check app's behaviour if user manually clears local storage of app" classname="TS - 016(N)Check app's behaviour if user manually clears local storage of app" time="00.000">
            <failure>Test failed with message:"Unable to create a new Test Session due to unexpected failure(0x537).  No device matching the desired capabilities
".please visit below URL for more details.
 https://app.testsigma.com/#/projects/15/applications/32/version/46/report/executions/235/runs/654/environments</failure>
        </testcase>
        <testcase name="TC - 017(N)Check app's behaviour with multi-instance scenario(App with non-running status)" classname="TS - 017(N)Check app's behaviour with multi-instance scenario(App with non-running status)" time="00.000">
            <failure>Test failed with message:"Unable to create a new Test Session due to unexpected failure(0x537).  No device matching the desired capabilities
".please visit below URL for more details.
 https://app.testsigma.com/#/projects/15/applications/32/version/46/report/executions/235/runs/654/environments</failure>
        </testcase>
        <testcase name="TC - 017(N)Check app's behaviour with multi-instance scenario(App with running status)" classname="TS - 017(N)Check app's behaviour with multi-instance scenario(App with running status)" time="00.000">
            <failure>Test failed with message:"Unable to create a new Test Session due to unexpected failure(0x537).  No device matching the desired capabilities
".please visit below URL for more details.
 https://app.testsigma.com/#/projects/15/applications/32/version/46/report/executions/235/runs/654/environments</failure>
        </testcase>
        <testcase name="TC - 003(N)Check app's behaviour when internet is abruptly goes off while provisioning the device" classname="TS - 003(N)Check app's behaviour when internet is abruptly goes off while provisioning the device" time="00.000">
            <failure>Test failed with message:"Unable to create a new Test Session due to unexpected failure(0x537).  No device matching the desired capabilities
".please visit below URL for more details.
 https://app.testsigma.com/#/projects/15/applications/32/version/46/report/executions/235/runs/654/environments</failure>
        </testcase>
        <testcase name="TC - 007(N)Check app's behaviour with multiple browsers" classname="TS - 007(N)Check app's behaviour with multiple browsers" time="00.000">
            <failure>Test failed with message:"Unable to create a new Test Session due to unexpected failure(0x537).  No device matching the desired capabilities
".please visit below URL for more details.
 https://app.testsigma.com/#/projects/15/applications/32/version/46/report/executions/235/runs/654/environments</failure>
        </testcase>
        <testcase name="TC - 008(N)Check app's behaviour without internet" classname="TS - 008(N)Check app's behaviour without internet" time="00.000">
            <failure>Test failed with message:"Unable to create a new Test Session due to unexpected failure(0x537).  No device matching the desired capabilities
".please visit below URL for more details.
 https://app.testsigma.com/#/projects/15/applications/32/version/46/report/executions/235/runs/654/environments</failure>
        </testcase>
        <testcase name="TC - 010(N)Check app's behaviour with same profile being provisioned twice" classname="TS - 010(N)Check app's behaviour with same profile being provisioned twice" time="00.000">
            <failure>Test failed with message:"Unable to create a new Test Session due to unexpected failure(0x537).  No device matching the desired capabilities
".please visit below URL for more details.
 https://app.testsigma.com/#/projects/15/applications/32/version/46/report/executions/235/runs/654/environments</failure>
        </testcase>
        <testcase name="TC - 006(N)Check app's behaviour when user retries provisioning after failure with exhausted OTP" classname="TS - 006(N)Check app's behaviour when user retries provisioning after failure with exhausted OTP" time="00.000">
            <failure>Test failed with message:"Unable to create a new Test Session due to unexpected failure(0x537).  No device matching the desired capabilities
".please visit below URL for more details.
 https://app.testsigma.com/#/projects/15/applications/32/version/46/report/executions/235/runs/654/environments</failure>
        </testcase>
        <system-out>For More info on results, visit https://app.testsigma.com/#/projects/15/applications/32/version/46/report/executions/235/runs/654/environments</system-out>
    </testsuite>
    <testsuite name="Android 9 All Devices || Android(9.0) (Galaxy S10+)" timestamp="2021-02-22 15:45:34.0" tests="21" failures="21" errors="21" time="02.162">
        <properties>
            <property name="Testsigma reports URL" value="https://app.testsigma.com/#/projects/15/applications/32/version/46/report/executions/235/runs/654/environments"/>
        </properties>
        <testcase name="TC - 020(P)Multiple Profile Checks" classname="TS - 020(P)Multiple Profile Checks" time="00.000">
            <failure>Test failed with message:"Unable to create a new Test Session due to unexpected failure(0x537).  No device matching the desired capabilities
".please visit below URL for more details.
 https://app.testsigma.com/#/projects/15/applications/32/version/46/report/executions/235/runs/654/environments</failure>
        </testcase>
        <testcase name="TC - 001(P)To verify CAC installation" classname="TS - 001(P)To verify CAC installation" time="00.000">
            <failure>Test failed with message:"Unable to create a new Test Session due to unexpected failure(0x537).  No device matching the desired capabilities
".please visit below URL for more details.
 https://app.testsigma.com/#/projects/15/applications/32/version/46/report/executions/235/runs/654/environments</failure>
        </testcase>
        <testcase name="TC - 002(P)To verify CAC uninstallation" classname="TS - 002(P)To verify CAC uninstallation" time="00.000">
            <failure>Test failed with message:"Unable to create a new Test Session due to unexpected failure(0x537).  No device matching the desired capabilities
".please visit below URL for more details.
 https://app.testsigma.com/#/projects/15/applications/32/version/46/report/executions/235/runs/654/environments</failure>
        </testcase>
        <testcase name="TC - 010(P)Verify Provisioned profile is cleared upon uninstalling the app*" classname="TS - 010(P)Verify Provisioned profile is cleared upon uninstalling the app*" time="00.000">
            <failure>Test failed with message:"Unable to create a new Test Session due to unexpected failure(0x537).  No device matching the desired capabilities
".please visit below URL for more details.
 https://app.testsigma.com/#/projects/15/applications/32/version/46/report/executions/235/runs/654/environments</failure>
        </testcase>
        <testcase name="TC - 013(P)Verify Retry functionality" classname="TS - 013(P)Verify Retry functionality" time="00.000">
            <failure>Test failed with message:"Unable to create a new Test Session due to unexpected failure(0x537).  No device matching the desired capabilities
".please visit below URL for more details.
 https://app.testsigma.com/#/projects/15/applications/32/version/46/report/executions/235/runs/654/environments</failure>
        </testcase>
        <testcase name="TC - 014(P)Verify Error Page is coming on any failure" classname="TS - 014(P)Verify Error Page is coming on any failure" time="00.000">
            <failure>Test failed with message:"Unable to create a new Test Session due to unexpected failure(0x537).  No device matching the desired capabilities
".please visit below URL for more details.
 https://app.testsigma.com/#/projects/15/applications/32/version/46/report/executions/235/runs/654/environments</failure>
        </testcase>
        <testcase name="TC - 015(P)/TC - 016(P)Verify App version with the build number/Verify HPE Privacy link" classname="TS - 015(P)/TS - 016(P)Verify App version with the build number/Verify HPE Privacy link" time="00.000">
            <failure>Test failed with message:"Unable to create a new Test Session due to unexpected failure(0x537).  No device matching the desired capabilities
".please visit below URL for more details.
 https://app.testsigma.com/#/projects/15/applications/32/version/46/report/executions/235/runs/654/environments</failure>
        </testcase>
        <testcase name="TC - 023(P)Verify the details on the provisioned profile card(ssid/organisation name)" classname="TS - 023(P)Verify the details on the provisioned profile card(ssid/organisation name)" time="00.000">
            <failure>Test failed with message:"Unable to create a new Test Session due to unexpected failure(0x537).  No device matching the desired capabilities
".please visit below URL for more details.
 https://app.testsigma.com/#/projects/15/applications/32/version/46/report/executions/235/runs/654/environments</failure>
        </testcase>
        <testcase name="TC - 001(N)Check app's behaviour when browser redirect data is corrupt" classname="TS - 001(N)Check app's behaviour when browser redirect data is corrupt" time="00.000">
            <failure>Test failed with message:"Unable to create a new Test Session due to unexpected failure(0x537).  No device matching the desired capabilities
".please visit below URL for more details.
 https://app.testsigma.com/#/projects/15/applications/32/version/46/report/executions/235/runs/654/environments</failure>
        </testcase>
        <testcase name="TC - 004(N)Check app's behaviour if user re-starts provisioning while provisioning is in progress." classname="TS - 004(N)Check app's behaviour if user re-starts provisioning while provisioning is in progress." time="00.000">
            <failure>Test failed with message:"Unable to create a new Test Session due to unexpected failure(0x537).  No device matching the desired capabilities
".please visit below URL for more details.
 https://app.testsigma.com/#/projects/15/applications/32/version/46/report/executions/235/runs/654/environments</failure>
        </testcase>
        <testcase name="TC - 012(N)Check app's behaviour when profile is already installed with app based provisioning and user tries web provisioning" classname="TS - 012(N)Check app's behaviour when profile is already installed with app based provisioning and user tries web provisioning" time="00.000">
            <failure>Test failed with message:"Unable to create a new Test Session due to unexpected failure(0x537).  No device matching the desired capabilities
".please visit below URL for more details.
 https://app.testsigma.com/#/projects/15/applications/32/version/46/report/executions/235/runs/654/environments</failure>
        </testcase>
        <testcase name="TC - 013(N)Check app's behaviour if user denies any consent/permission" classname="TS - 013(N)Check app's behaviour if user denies any consent/permission" time="00.000">
            <failure>Test failed with message:"Unable to create a new Test Session due to unexpected failure(0x537).  No device matching the desired capabilities
".please visit below URL for more details.
 https://app.testsigma.com/#/projects/15/applications/32/version/46/report/executions/235/runs/654/environments</failure>
        </testcase>
        <testcase name="TC - 014(N)Check app's behaviour if user manually removes profile from system settings" classname="TS - 014(N)Check app's behaviour if user manually removes profile from system settings" time="00.000">
            <failure>Test failed with message:"Unable to create a new Test Session due to unexpected failure(0x537).  No device matching the desired capabilities
".please visit below URL for more details.
 https://app.testsigma.com/#/projects/15/applications/32/version/46/report/executions/235/runs/654/environments</failure>
        </testcase>
        <testcase name="TC - 016(N)Check app's behaviour if user manually clears local storage of app" classname="TS - 016(N)Check app's behaviour if user manually clears local storage of app" time="00.000">
            <failure>Test failed with message:"Unable to create a new Test Session due to unexpected failure(0x537).  No device matching the desired capabilities
".please visit below URL for more details.
 https://app.testsigma.com/#/projects/15/applications/32/version/46/report/executions/235/runs/654/environments</failure>
        </testcase>
        <testcase name="TC - 017(N)Check app's behaviour with multi-instance scenario(App with non-running status)" classname="TS - 017(N)Check app's behaviour with multi-instance scenario(App with non-running status)" time="00.000">
            <failure>Test failed with message:"Unable to create a new Test Session due to unexpected failure(0x537).  No device matching the desired capabilities
".please visit below URL for more details.
 https://app.testsigma.com/#/projects/15/applications/32/version/46/report/executions/235/runs/654/environments</failure>
        </testcase>
        <testcase name="TC - 017(N)Check app's behaviour with multi-instance scenario(App with running status)" classname="TS - 017(N)Check app's behaviour with multi-instance scenario(App with running status)" time="00.000">
            <failure>Test failed with message:"Unable to create a new Test Session due to unexpected failure(0x537).  No device matching the desired capabilities
".please visit below URL for more details.
 https://app.testsigma.com/#/projects/15/applications/32/version/46/report/executions/235/runs/654/environments</failure>
        </testcase>
        <testcase name="TC - 003(N)Check app's behaviour when internet is abruptly goes off while provisioning the device" classname="TS - 003(N)Check app's behaviour when internet is abruptly goes off while provisioning the device" time="00.000">
            <failure>Test failed with message:"Unable to create a new Test Session due to unexpected failure(0x537).  No device matching the desired capabilities
".please visit below URL for more details.
 https://app.testsigma.com/#/projects/15/applications/32/version/46/report/executions/235/runs/654/environments</failure>
        </testcase>
        <testcase name="TC - 007(N)Check app's behaviour with multiple browsers" classname="TS - 007(N)Check app's behaviour with multiple browsers" time="00.000">
            <failure>Test failed with message:"Unable to create a new Test Session due to unexpected failure(0x537).  No device matching the desired capabilities
".please visit below URL for more details.
 https://app.testsigma.com/#/projects/15/applications/32/version/46/report/executions/235/runs/654/environments</failure>
        </testcase>
        <testcase name="TC - 008(N)Check app's behaviour without internet" classname="TS - 008(N)Check app's behaviour without internet" time="00.000">
            <failure>Test failed with message:"Unable to create a new Test Session due to unexpected failure(0x537).  No device matching the desired capabilities
".please visit below URL for more details.
 https://app.testsigma.com/#/projects/15/applications/32/version/46/report/executions/235/runs/654/environments</failure>
        </testcase>
        <testcase name="TC - 010(N)Check app's behaviour with same profile being provisioned twice" classname="TS - 010(N)Check app's behaviour with same profile being provisioned twice" time="00.000">
            <failure>Test failed with message:"Unable to create a new Test Session due to unexpected failure(0x537).  No device matching the desired capabilities
".please visit below URL for more details.
 https://app.testsigma.com/#/projects/15/applications/32/version/46/report/executions/235/runs/654/environments</failure>
        </testcase>
        <testcase name="TC - 006(N)Check app's behaviour when user retries provisioning after failure with exhausted OTP" classname="TS - 006(N)Check app's behaviour when user retries provisioning after failure with exhausted OTP" time="00.000">
            <failure>Test failed with message:"Unable to create a new Test Session due to unexpected failure(0x537).  No device matching the desired capabilities
".please visit below URL for more details.
 https://app.testsigma.com/#/projects/15/applications/32/version/46/report/executions/235/runs/654/environments</failure>
        </testcase>
        <system-out>For More info on results, visit https://app.testsigma.com/#/projects/15/applications/32/version/46/report/executions/235/runs/654/environments</system-out>
    </testsuite>
    <testsuite name="Android 9 All Devices || Android(9.0) (Galaxy A9 (2018))" timestamp="2021-02-22 15:45:39.0" tests="21" failures="21" errors="21" time="01.893">
        <properties>
            <property name="Testsigma reports URL" value="https://app.testsigma.com/#/projects/15/applications/32/version/46/report/executions/235/runs/654/environments"/>
        </properties>
        <testcase name="TC - 020(P)Multiple Profile Checks" classname="TS - 020(P)Multiple Profile Checks" time="00.000">
            <failure>Test failed with message:"Unable to create a new Test Session due to unexpected failure(0x537).  No device matching the desired capabilities
".please visit below URL for more details.
 https://app.testsigma.com/#/projects/15/applications/32/version/46/report/executions/235/runs/654/environments</failure>
        </testcase>
        <testcase name="TC - 001(P)To verify CAC installation" classname="TS - 001(P)To verify CAC installation" time="00.000">
            <failure>Test failed with message:"Unable to create a new Test Session due to unexpected failure(0x537).  No device matching the desired capabilities
".please visit below URL for more details.
 https://app.testsigma.com/#/projects/15/applications/32/version/46/report/executions/235/runs/654/environments</failure>
        </testcase>
        <testcase name="TC - 002(P)To verify CAC uninstallation" classname="TS - 002(P)To verify CAC uninstallation" time="00.000">
            <failure>Test failed with message:"Unable to create a new Test Session due to unexpected failure(0x537).  No device matching the desired capabilities
".please visit below URL for more details.
 https://app.testsigma.com/#/projects/15/applications/32/version/46/report/executions/235/runs/654/environments</failure>
        </testcase>
        <testcase name="TC - 010(P)Verify Provisioned profile is cleared upon uninstalling the app*" classname="TS - 010(P)Verify Provisioned profile is cleared upon uninstalling the app*" time="00.000">
            <failure>Test failed with message:"Unable to create a new Test Session due to unexpected failure(0x537).  No device matching the desired capabilities
".please visit below URL for more details.
 https://app.testsigma.com/#/projects/15/applications/32/version/46/report/executions/235/runs/654/environments</failure>
        </testcase>
        <testcase name="TC - 013(P)Verify Retry functionality" classname="TS - 013(P)Verify Retry functionality" time="00.000">
            <failure>Test failed with message:"Unable to create a new Test Session due to unexpected failure(0x537).  No device matching the desired capabilities
".please visit below URL for more details.
 https://app.testsigma.com/#/projects/15/applications/32/version/46/report/executions/235/runs/654/environments</failure>
        </testcase>
        <testcase name="TC - 014(P)Verify Error Page is coming on any failure" classname="TS - 014(P)Verify Error Page is coming on any failure" time="00.000">
            <failure>Test failed with message:"Unable to create a new Test Session due to unexpected failure(0x537).  No device matching the desired capabilities
".please visit below URL for more details.
 https://app.testsigma.com/#/projects/15/applications/32/version/46/report/executions/235/runs/654/environments</failure>
        </testcase>
        <testcase name="TC - 015(P)/TC - 016(P)Verify App version with the build number/Verify HPE Privacy link" classname="TS - 015(P)/TS - 016(P)Verify App version with the build number/Verify HPE Privacy link" time="00.000">
            <failure>Test failed with message:"Unable to create a new Test Session due to unexpected failure(0x537).  No device matching the desired capabilities
".please visit below URL for more details.
 https://app.testsigma.com/#/projects/15/applications/32/version/46/report/executions/235/runs/654/environments</failure>
        </testcase>
        <testcase name="TC - 023(P)Verify the details on the provisioned profile card(ssid/organisation name)" classname="TS - 023(P)Verify the details on the provisioned profile card(ssid/organisation name)" time="00.000">
            <failure>Test failed with message:"Unable to create a new Test Session due to unexpected failure(0x537).  No device matching the desired capabilities
".please visit below URL for more details.
 https://app.testsigma.com/#/projects/15/applications/32/version/46/report/executions/235/runs/654/environments</failure>
        </testcase>
        <testcase name="TC - 001(N)Check app's behaviour when browser redirect data is corrupt" classname="TS - 001(N)Check app's behaviour when browser redirect data is corrupt" time="00.000">
            <failure>Test failed with message:"Unable to create a new Test Session due to unexpected failure(0x537).  No device matching the desired capabilities
".please visit below URL for more details.
 https://app.testsigma.com/#/projects/15/applications/32/version/46/report/executions/235/runs/654/environments</failure>
        </testcase>
        <testcase name="TC - 004(N)Check app's behaviour if user re-starts provisioning while provisioning is in progress." classname="TS - 004(N)Check app's behaviour if user re-starts provisioning while provisioning is in progress." time="00.000">
            <failure>Test failed with message:"Unable to create a new Test Session due to unexpected failure(0x537).  No device matching the desired capabilities
".please visit below URL for more details.
 https://app.testsigma.com/#/projects/15/applications/32/version/46/report/executions/235/runs/654/environments</failure>
        </testcase>
        <testcase name="TC - 012(N)Check app's behaviour when profile is already installed with app based provisioning and user tries web provisioning" classname="TS - 012(N)Check app's behaviour when profile is already installed with app based provisioning and user tries web provisioning" time="00.000">
            <failure>Test failed with message:"Unable to create a new Test Session due to unexpected failure(0x537).  No device matching the desired capabilities
".please visit below URL for more details.
 https://app.testsigma.com/#/projects/15/applications/32/version/46/report/executions/235/runs/654/environments</failure>
        </testcase>
        <testcase name="TC - 013(N)Check app's behaviour if user denies any consent/permission" classname="TS - 013(N)Check app's behaviour if user denies any consent/permission" time="00.000">
            <failure>Test failed with message:"Unable to create a new Test Session due to unexpected failure(0x537).  No device matching the desired capabilities
".please visit below URL for more details.
 https://app.testsigma.com/#/projects/15/applications/32/version/46/report/executions/235/runs/654/environments</failure>
        </testcase>
        <testcase name="TC - 014(N)Check app's behaviour if user manually removes profile from system settings" classname="TS - 014(N)Check app's behaviour if user manually removes profile from system settings" time="00.000">
            <failure>Test failed with message:"Unable to create a new Test Session due to unexpected failure(0x537).  No device matching the desired capabilities
".please visit below URL for more details.
 https://app.testsigma.com/#/projects/15/applications/32/version/46/report/executions/235/runs/654/environments</failure>
        </testcase>
        <testcase name="TC - 016(N)Check app's behaviour if user manually clears local storage of app" classname="TS - 016(N)Check app's behaviour if user manually clears local storage of app" time="00.000">
            <failure>Test failed with message:"Unable to create a new Test Session due to unexpected failure(0x537).  No device matching the desired capabilities
".please visit below URL for more details.
 https://app.testsigma.com/#/projects/15/applications/32/version/46/report/executions/235/runs/654/environments</failure>
        </testcase>
        <testcase name="TC - 017(N)Check app's behaviour with multi-instance scenario(App with non-running status)" classname="TS - 017(N)Check app's behaviour with multi-instance scenario(App with non-running status)" time="00.000">
            <failure>Test failed with message:"Unable to create a new Test Session due to unexpected failure(0x537).  No device matching the desired capabilities
".please visit below URL for more details.
 https://app.testsigma.com/#/projects/15/applications/32/version/46/report/executions/235/runs/654/environments</failure>
        </testcase>
        <testcase name="TC - 017(N)Check app's behaviour with multi-instance scenario(App with running status)" classname="TS - 017(N)Check app's behaviour with multi-instance scenario(App with running status)" time="00.000">
            <failure>Test failed with message:"Unable to create a new Test Session due to unexpected failure(0x537).  No device matching the desired capabilities
".please visit below URL for more details.
 https://app.testsigma.com/#/projects/15/applications/32/version/46/report/executions/235/runs/654/environments</failure>
        </testcase>
        <testcase name="TC - 003(N)Check app's behaviour when internet is abruptly goes off while provisioning the device" classname="TS - 003(N)Check app's behaviour when internet is abruptly goes off while provisioning the device" time="00.000">
            <failure>Test failed with message:"Unable to create a new Test Session due to unexpected failure(0x537).  No device matching the desired capabilities
".please visit below URL for more details.
 https://app.testsigma.com/#/projects/15/applications/32/version/46/report/executions/235/runs/654/environments</failure>
        </testcase>
        <testcase name="TC - 007(N)Check app's behaviour with multiple browsers" classname="TS - 007(N)Check app's behaviour with multiple browsers" time="00.000">
            <failure>Test failed with message:"Unable to create a new Test Session due to unexpected failure(0x537).  No device matching the desired capabilities
".please visit below URL for more details.
 https://app.testsigma.com/#/projects/15/applications/32/version/46/report/executions/235/runs/654/environments</failure>
        </testcase>
        <testcase name="TC - 008(N)Check app's behaviour without internet" classname="TS - 008(N)Check app's behaviour without internet" time="00.000">
            <failure>Test failed with message:"Unable to create a new Test Session due to unexpected failure(0x537).  No device matching the desired capabilities
".please visit below URL for more details.
 https://app.testsigma.com/#/projects/15/applications/32/version/46/report/executions/235/runs/654/environments</failure>
        </testcase>
        <testcase name="TC - 010(N)Check app's behaviour with same profile being provisioned twice" classname="TS - 010(N)Check app's behaviour with same profile being provisioned twice" time="00.000">
            <failure>Test failed with message:"Unable to create a new Test Session due to unexpected failure(0x537).  No device matching the desired capabilities
".please visit below URL for more details.
 https://app.testsigma.com/#/projects/15/applications/32/version/46/report/executions/235/runs/654/environments</failure>
        </testcase>
        <testcase name="TC - 006(N)Check app's behaviour when user retries provisioning after failure with exhausted OTP" classname="TS - 006(N)Check app's behaviour when user retries provisioning after failure with exhausted OTP" time="00.000">
            <failure>Test failed with message:"Unable to create a new Test Session due to unexpected failure(0x537).  No device matching the desired capabilities
".please visit below URL for more details.
 https://app.testsigma.com/#/projects/15/applications/32/version/46/report/executions/235/runs/654/environments</failure>
        </testcase>
        <system-out>For More info on results, visit https://app.testsigma.com/#/projects/15/applications/32/version/46/report/executions/235/runs/654/environments</system-out>
    </testsuite>
    <testsuite name="Android 9 All Devices || Android(9.0) (Galaxy A70)" timestamp="2021-02-22 15:45:44.0" tests="21" failures="21" errors="21" time="02.298">
        <properties>
            <property name="Testsigma reports URL" value="https://app.testsigma.com/#/projects/15/applications/32/version/46/report/executions/235/runs/654/environments"/>
        </properties>
        <testcase name="TC - 020(P)Multiple Profile Checks" classname="TS - 020(P)Multiple Profile Checks" time="00.000">
            <failure>Test failed with message:"Unable to create a new Test Session due to unexpected failure(0x537).  No device matching the desired capabilities
".please visit below URL for more details.
 https://app.testsigma.com/#/projects/15/applications/32/version/46/report/executions/235/runs/654/environments</failure>
        </testcase>
        <testcase name="TC - 001(P)To verify CAC installation" classname="TS - 001(P)To verify CAC installation" time="00.000">
            <failure>Test failed with message:"Unable to create a new Test Session due to unexpected failure(0x537).  No device matching the desired capabilities
".please visit below URL for more details.
 https://app.testsigma.com/#/projects/15/applications/32/version/46/report/executions/235/runs/654/environments</failure>
        </testcase>
        <testcase name="TC - 002(P)To verify CAC uninstallation" classname="TS - 002(P)To verify CAC uninstallation" time="00.000">
            <failure>Test failed with message:"Unable to create a new Test Session due to unexpected failure(0x537).  No device matching the desired capabilities
".please visit below URL for more details.
 https://app.testsigma.com/#/projects/15/applications/32/version/46/report/executions/235/runs/654/environments</failure>
        </testcase>
        <testcase name="TC - 010(P)Verify Provisioned profile is cleared upon uninstalling the app*" classname="TS - 010(P)Verify Provisioned profile is cleared upon uninstalling the app*" time="00.000">
            <failure>Test failed with message:"Unable to create a new Test Session due to unexpected failure(0x537).  No device matching the desired capabilities
".please visit below URL for more details.
 https://app.testsigma.com/#/projects/15/applications/32/version/46/report/executions/235/runs/654/environments</failure>
        </testcase>
        <testcase name="TC - 013(P)Verify Retry functionality" classname="TS - 013(P)Verify Retry functionality" time="00.000">
            <failure>Test failed with message:"Unable to create a new Test Session due to unexpected failure(0x537).  No device matching the desired capabilities
".please visit below URL for more details.
 https://app.testsigma.com/#/projects/15/applications/32/version/46/report/executions/235/runs/654/environments</failure>
        </testcase>
        <testcase name="TC - 014(P)Verify Error Page is coming on any failure" classname="TS - 014(P)Verify Error Page is coming on any failure" time="00.000">
            <failure>Test failed with message:"Unable to create a new Test Session due to unexpected failure(0x537).  No device matching the desired capabilities
".please visit below URL for more details.
 https://app.testsigma.com/#/projects/15/applications/32/version/46/report/executions/235/runs/654/environments</failure>
        </testcase>
        <testcase name="TC - 015(P)/TC - 016(P)Verify App version with the build number/Verify HPE Privacy link" classname="TS - 015(P)/TS - 016(P)Verify App version with the build number/Verify HPE Privacy link" time="00.000">
            <failure>Test failed with message:"Unable to create a new Test Session due to unexpected failure(0x537).  No device matching the desired capabilities
".please visit below URL for more details.
 https://app.testsigma.com/#/projects/15/applications/32/version/46/report/executions/235/runs/654/environments</failure>
        </testcase>
        <testcase name="TC - 023(P)Verify the details on the provisioned profile card(ssid/organisation name)" classname="TS - 023(P)Verify the details on the provisioned profile card(ssid/organisation name)" time="00.000">
            <failure>Test failed with message:"Unable to create a new Test Session due to unexpected failure(0x537).  No device matching the desired capabilities
".please visit below URL for more details.
 https://app.testsigma.com/#/projects/15/applications/32/version/46/report/executions/235/runs/654/environments</failure>
        </testcase>
        <testcase name="TC - 001(N)Check app's behaviour when browser redirect data is corrupt" classname="TS - 001(N)Check app's behaviour when browser redirect data is corrupt" time="00.000">
            <failure>Test failed with message:"Unable to create a new Test Session due to unexpected failure(0x537).  No device matching the desired capabilities
".please visit below URL for more details.
 https://app.testsigma.com/#/projects/15/applications/32/version/46/report/executions/235/runs/654/environments</failure>
        </testcase>
        <testcase name="TC - 004(N)Check app's behaviour if user re-starts provisioning while provisioning is in progress." classname="TS - 004(N)Check app's behaviour if user re-starts provisioning while provisioning is in progress." time="00.000">
            <failure>Test failed with message:"Unable to create a new Test Session due to unexpected failure(0x537).  No device matching the desired capabilities
".please visit below URL for more details.
 https://app.testsigma.com/#/projects/15/applications/32/version/46/report/executions/235/runs/654/environments</failure>
        </testcase>
        <testcase name="TC - 012(N)Check app's behaviour when profile is already installed with app based provisioning and user tries web provisioning" classname="TS - 012(N)Check app's behaviour when profile is already installed with app based provisioning and user tries web provisioning" time="00.000">
            <failure>Test failed with message:"Unable to create a new Test Session due to unexpected failure(0x537).  No device matching the desired capabilities
".please visit below URL for more details.
 https://app.testsigma.com/#/projects/15/applications/32/version/46/report/executions/235/runs/654/environments</failure>
        </testcase>
        <testcase name="TC - 013(N)Check app's behaviour if user denies any consent/permission" classname="TS - 013(N)Check app's behaviour if user denies any consent/permission" time="00.000">
            <failure>Test failed with message:"Unable to create a new Test Session due to unexpected failure(0x537).  No device matching the desired capabilities
".please visit below URL for more details.
 https://app.testsigma.com/#/projects/15/applications/32/version/46/report/executions/235/runs/654/environments</failure>
        </testcase>
        <testcase name="TC - 014(N)Check app's behaviour if user manually removes profile from system settings" classname="TS - 014(N)Check app's behaviour if user manually removes profile from system settings" time="00.000">
            <failure>Test failed with message:"Unable to create a new Test Session due to unexpected failure(0x537).  No device matching the desired capabilities
".please visit below URL for more details.
 https://app.testsigma.com/#/projects/15/applications/32/version/46/report/executions/235/runs/654/environments</failure>
        </testcase>
        <testcase name="TC - 016(N)Check app's behaviour if user manually clears local storage of app" classname="TS - 016(N)Check app's behaviour if user manually clears local storage of app" time="00.000">
            <failure>Test failed with message:"Unable to create a new Test Session due to unexpected failure(0x537).  No device matching the desired capabilities
".please visit below URL for more details.
 https://app.testsigma.com/#/projects/15/applications/32/version/46/report/executions/235/runs/654/environments</failure>
        </testcase>
        <testcase name="TC - 017(N)Check app's behaviour with multi-instance scenario(App with non-running status)" classname="TS - 017(N)Check app's behaviour with multi-instance scenario(App with non-running status)" time="00.000">
            <failure>Test failed with message:"Unable to create a new Test Session due to unexpected failure(0x537).  No device matching the desired capabilities
".please visit below URL for more details.
 https://app.testsigma.com/#/projects/15/applications/32/version/46/report/executions/235/runs/654/environments</failure>
        </testcase>
        <testcase name="TC - 017(N)Check app's behaviour with multi-instance scenario(App with running status)" classname="TS - 017(N)Check app's behaviour with multi-instance scenario(App with running status)" time="00.000">
            <failure>Test failed with message:"Unable to create a new Test Session due to unexpected failure(0x537).  No device matching the desired capabilities
".please visit below URL for more details.
 https://app.testsigma.com/#/projects/15/applications/32/version/46/report/executions/235/runs/654/environments</failure>
        </testcase>
        <testcase name="TC - 003(N)Check app's behaviour when internet is abruptly goes off while provisioning the device" classname="TS - 003(N)Check app's behaviour when internet is abruptly goes off while provisioning the device" time="00.000">
            <failure>Test failed with message:"Unable to create a new Test Session due to unexpected failure(0x537).  No device matching the desired capabilities
".please visit below URL for more details.
 https://app.testsigma.com/#/projects/15/applications/32/version/46/report/executions/235/runs/654/environments</failure>
        </testcase>
        <testcase name="TC - 007(N)Check app's behaviour with multiple browsers" classname="TS - 007(N)Check app's behaviour with multiple browsers" time="00.000">
            <failure>Test failed with message:"Unable to create a new Test Session due to unexpected failure(0x537).  No device matching the desired capabilities
".please visit below URL for more details.
 https://app.testsigma.com/#/projects/15/applications/32/version/46/report/executions/235/runs/654/environments</failure>
        </testcase>
        <testcase name="TC - 008(N)Check app's behaviour without internet" classname="TS - 008(N)Check app's behaviour without internet" time="00.000">
            <failure>Test failed with message:"Unable to create a new Test Session due to unexpected failure(0x537).  No device matching the desired capabilities
".please visit below URL for more details.
 https://app.testsigma.com/#/projects/15/applications/32/version/46/report/executions/235/runs/654/environments</failure>
        </testcase>
        <testcase name="TC - 010(N)Check app's behaviour with same profile being provisioned twice" classname="TS - 010(N)Check app's behaviour with same profile being provisioned twice" time="00.000">
            <failure>Test failed with message:"Unable to create a new Test Session due to unexpected failure(0x537).  No device matching the desired capabilities
".please visit below URL for more details.
 https://app.testsigma.com/#/projects/15/applications/32/version/46/report/executions/235/runs/654/environments</failure>
        </testcase>
        <testcase name="TC - 006(N)Check app's behaviour when user retries provisioning after failure with exhausted OTP" classname="TS - 006(N)Check app's behaviour when user retries provisioning after failure with exhausted OTP" time="00.000">
            <failure>Test failed with message:"Unable to create a new Test Session due to unexpected failure(0x537).  No device matching the desired capabilities
".please visit below URL for more details.
 https://app.testsigma.com/#/projects/15/applications/32/version/46/report/executions/235/runs/654/environments</failure>
        </testcase>
        <system-out>For More info on results, visit https://app.testsigma.com/#/projects/15/applications/32/version/46/report/executions/235/runs/654/environments</system-out>
    </testsuite>
    <testsuite name="Android 9 All Devices || Android(9.0) (Galaxy A50s)" timestamp="2021-02-22 15:45:49.0" tests="21" failures="21" errors="21" time="02.137">
        <properties>
            <property name="Testsigma reports URL" value="https://app.testsigma.com/#/projects/15/applications/32/version/46/report/executions/235/runs/654/environments"/>
        </properties>
        <testcase name="TC - 020(P)Multiple Profile Checks" classname="TS - 020(P)Multiple Profile Checks" time="00.000">
            <failure>Test failed with message:"Unable to create a new Test Session due to unexpected failure(0x537).  No device matching the desired capabilities
".please visit below URL for more details.
 https://app.testsigma.com/#/projects/15/applications/32/version/46/report/executions/235/runs/654/environments</failure>
        </testcase>
        <testcase name="TC - 001(P)To verify CAC installation" classname="TS - 001(P)To verify CAC installation" time="00.000">
            <failure>Test failed with message:"Unable to create a new Test Session due to unexpected failure(0x537).  No device matching the desired capabilities
".please visit below URL for more details.
 https://app.testsigma.com/#/projects/15/applications/32/version/46/report/executions/235/runs/654/environments</failure>
        </testcase>
        <testcase name="TC - 002(P)To verify CAC uninstallation" classname="TS - 002(P)To verify CAC uninstallation" time="00.000">
            <failure>Test failed with message:"Unable to create a new Test Session due to unexpected failure(0x537).  No device matching the desired capabilities
".please visit below URL for more details.
 https://app.testsigma.com/#/projects/15/applications/32/version/46/report/executions/235/runs/654/environments</failure>
        </testcase>
        <testcase name="TC - 010(P)Verify Provisioned profile is cleared upon uninstalling the app*" classname="TS - 010(P)Verify Provisioned profile is cleared upon uninstalling the app*" time="00.000">
            <failure>Test failed with message:"Unable to create a new Test Session due to unexpected failure(0x537).  No device matching the desired capabilities
".please visit below URL for more details.
 https://app.testsigma.com/#/projects/15/applications/32/version/46/report/executions/235/runs/654/environments</failure>
        </testcase>
        <testcase name="TC - 013(P)Verify Retry functionality" classname="TS - 013(P)Verify Retry functionality" time="00.000">
            <failure>Test failed with message:"Unable to create a new Test Session due to unexpected failure(0x537).  No device matching the desired capabilities
".please visit below URL for more details.
 https://app.testsigma.com/#/projects/15/applications/32/version/46/report/executions/235/runs/654/environments</failure>
        </testcase>
        <testcase name="TC - 014(P)Verify Error Page is coming on any failure" classname="TS - 014(P)Verify Error Page is coming on any failure" time="00.000">
            <failure>Test failed with message:"Unable to create a new Test Session due to unexpected failure(0x537).  No device matching the desired capabilities
".please visit below URL for more details.
 https://app.testsigma.com/#/projects/15/applications/32/version/46/report/executions/235/runs/654/environments</failure>
        </testcase>
        <testcase name="TC - 015(P)/TC - 016(P)Verify App version with the build number/Verify HPE Privacy link" classname="TS - 015(P)/TS - 016(P)Verify App version with the build number/Verify HPE Privacy link" time="00.000">
            <failure>Test failed with message:"Unable to create a new Test Session due to unexpected failure(0x537).  No device matching the desired capabilities
".please visit below URL for more details.
 https://app.testsigma.com/#/projects/15/applications/32/version/46/report/executions/235/runs/654/environments</failure>
        </testcase>
        <testcase name="TC - 023(P)Verify the details on the provisioned profile card(ssid/organisation name)" classname="TS - 023(P)Verify the details on the provisioned profile card(ssid/organisation name)" time="00.000">
            <failure>Test failed with message:"Unable to create a new Test Session due to unexpected failure(0x537).  No device matching the desired capabilities
".please visit below URL for more details.
 https://app.testsigma.com/#/projects/15/applications/32/version/46/report/executions/235/runs/654/environments</failure>
        </testcase>
        <testcase name="TC - 001(N)Check app's behaviour when browser redirect data is corrupt" classname="TS - 001(N)Check app's behaviour when browser redirect data is corrupt" time="00.000">
            <failure>Test failed with message:"Unable to create a new Test Session due to unexpected failure(0x537).  No device matching the desired capabilities
".please visit below URL for more details.
 https://app.testsigma.com/#/projects/15/applications/32/version/46/report/executions/235/runs/654/environments</failure>
        </testcase>
        <testcase name="TC - 004(N)Check app's behaviour if user re-starts provisioning while provisioning is in progress." classname="TS - 004(N)Check app's behaviour if user re-starts provisioning while provisioning is in progress." time="00.000">
            <failure>Test failed with message:"Unable to create a new Test Session due to unexpected failure(0x537).  No device matching the desired capabilities
".please visit below URL for more details.
 https://app.testsigma.com/#/projects/15/applications/32/version/46/report/executions/235/runs/654/environments</failure>
        </testcase>
        <testcase name="TC - 012(N)Check app's behaviour when profile is already installed with app based provisioning and user tries web provisioning" classname="TS - 012(N)Check app's behaviour when profile is already installed with app based provisioning and user tries web provisioning" time="00.000">
            <failure>Test failed with message:"Unable to create a new Test Session due to unexpected failure(0x537).  No device matching the desired capabilities
".please visit below URL for more details.
 https://app.testsigma.com/#/projects/15/applications/32/version/46/report/executions/235/runs/654/environments</failure>
        </testcase>
        <testcase name="TC - 013(N)Check app's behaviour if user denies any consent/permission" classname="TS - 013(N)Check app's behaviour if user denies any consent/permission" time="00.000">
            <failure>Test failed with message:"Unable to create a new Test Session due to unexpected failure(0x537).  No device matching the desired capabilities
".please visit below URL for more details.
 https://app.testsigma.com/#/projects/15/applications/32/version/46/report/executions/235/runs/654/environments</failure>
        </testcase>
        <testcase name="TC - 014(N)Check app's behaviour if user manually removes profile from system settings" classname="TS - 014(N)Check app's behaviour if user manually removes profile from system settings" time="00.000">
            <failure>Test failed with message:"Unable to create a new Test Session due to unexpected failure(0x537).  No device matching the desired capabilities
".please visit below URL for more details.
 https://app.testsigma.com/#/projects/15/applications/32/version/46/report/executions/235/runs/654/environments</failure>
        </testcase>
        <testcase name="TC - 016(N)Check app's behaviour if user manually clears local storage of app" classname="TS - 016(N)Check app's behaviour if user manually clears local storage of app" time="00.000">
            <failure>Test failed with message:"Unable to create a new Test Session due to unexpected failure(0x537).  No device matching the desired capabilities
".please visit below URL for more details.
 https://app.testsigma.com/#/projects/15/applications/32/version/46/report/executions/235/runs/654/environments</failure>
        </testcase>
        <testcase name="TC - 017(N)Check app's behaviour with multi-instance scenario(App with non-running status)" classname="TS - 017(N)Check app's behaviour with multi-instance scenario(App with non-running status)" time="00.000">
            <failure>Test failed with message:"Unable to create a new Test Session due to unexpected failure(0x537).  No device matching the desired capabilities
".please visit below URL for more details.
 https://app.testsigma.com/#/projects/15/applications/32/version/46/report/executions/235/runs/654/environments</failure>
        </testcase>
        <testcase name="TC - 017(N)Check app's behaviour with multi-instance scenario(App with running status)" classname="TS - 017(N)Check app's behaviour with multi-instance scenario(App with running status)" time="00.000">
            <failure>Test failed with message:"Unable to create a new Test Session due to unexpected failure(0x537).  No device matching the desired capabilities
".please visit below URL for more details.
 https://app.testsigma.com/#/projects/15/applications/32/version/46/report/executions/235/runs/654/environments</failure>
        </testcase>
        <testcase name="TC - 003(N)Check app's behaviour when internet is abruptly goes off while provisioning the device" classname="TS - 003(N)Check app's behaviour when internet is abruptly goes off while provisioning the device" time="00.000">
            <failure>Test failed with message:"Unable to create a new Test Session due to unexpected failure(0x537).  No device matching the desired capabilities
".please visit below URL for more details.
 https://app.testsigma.com/#/projects/15/applications/32/version/46/report/executions/235/runs/654/environments</failure>
        </testcase>
        <testcase name="TC - 007(N)Check app's behaviour with multiple browsers" classname="TS - 007(N)Check app's behaviour with multiple browsers" time="00.000">
            <failure>Test failed with message:"Unable to create a new Test Session due to unexpected failure(0x537).  No device matching the desired capabilities
".please visit below URL for more details.
 https://app.testsigma.com/#/projects/15/applications/32/version/46/report/executions/235/runs/654/environments</failure>
        </testcase>
        <testcase name="TC - 008(N)Check app's behaviour without internet" classname="TS - 008(N)Check app's behaviour without internet" time="00.000">
            <failure>Test failed with message:"Unable to create a new Test Session due to unexpected failure(0x537).  No device matching the desired capabilities
".please visit below URL for more details.
 https://app.testsigma.com/#/projects/15/applications/32/version/46/report/executions/235/runs/654/environments</failure>
        </testcase>
        <testcase name="TC - 010(N)Check app's behaviour with same profile being provisioned twice" classname="TS - 010(N)Check app's behaviour with same profile being provisioned twice" time="00.000">
            <failure>Test failed with message:"Unable to create a new Test Session due to unexpected failure(0x537).  No device matching the desired capabilities
".please visit below URL for more details.
 https://app.testsigma.com/#/projects/15/applications/32/version/46/report/executions/235/runs/654/environments</failure>
        </testcase>
        <testcase name="TC - 006(N)Check app's behaviour when user retries provisioning after failure with exhausted OTP" classname="TS - 006(N)Check app's behaviour when user retries provisioning after failure with exhausted OTP" time="00.000">
            <failure>Test failed with message:"Unable to create a new Test Session due to unexpected failure(0x537).  No device matching the desired capabilities
".please visit below URL for more details.
 https://app.testsigma.com/#/projects/15/applications/32/version/46/report/executions/235/runs/654/environments</failure>
        </testcase>
        <system-out>For More info on results, visit https://app.testsigma.com/#/projects/15/applications/32/version/46/report/executions/235/runs/654/environments</system-out>
    </testsuite>
    <testsuite name="Android 9 All Devices || Android(9.0) (Galaxy A50)" timestamp="2021-02-22 15:45:55.0" tests="21" failures="21" errors="21" time="02.379">
        <properties>
            <property name="Testsigma reports URL" value="https://app.testsigma.com/#/projects/15/applications/32/version/46/report/executions/235/runs/654/environments"/>
        </properties>
        <testcase name="TC - 020(P)Multiple Profile Checks" classname="TS - 020(P)Multiple Profile Checks" time="00.000">
            <failure>Test failed with message:"Unable to create a new Test Session due to unexpected failure(0x537).  No device matching the desired capabilities
".please visit below URL for more details.
 https://app.testsigma.com/#/projects/15/applications/32/version/46/report/executions/235/runs/654/environments</failure>
        </testcase>
        <testcase name="TC - 001(P)To verify CAC installation" classname="TS - 001(P)To verify CAC installation" time="00.000">
            <failure>Test failed with message:"Unable to create a new Test Session due to unexpected failure(0x537).  No device matching the desired capabilities
".please visit below URL for more details.
 https://app.testsigma.com/#/projects/15/applications/32/version/46/report/executions/235/runs/654/environments</failure>
        </testcase>
        <testcase name="TC - 002(P)To verify CAC uninstallation" classname="TS - 002(P)To verify CAC uninstallation" time="00.000">
            <failure>Test failed with message:"Unable to create a new Test Session due to unexpected failure(0x537).  No device matching the desired capabilities
".please visit below URL for more details.
 https://app.testsigma.com/#/projects/15/applications/32/version/46/report/executions/235/runs/654/environments</failure>
        </testcase>
        <testcase name="TC - 010(P)Verify Provisioned profile is cleared upon uninstalling the app*" classname="TS - 010(P)Verify Provisioned profile is cleared upon uninstalling the app*" time="00.000">
            <failure>Test failed with message:"Unable to create a new Test Session due to unexpected failure(0x537).  No device matching the desired capabilities
".please visit below URL for more details.
 https://app.testsigma.com/#/projects/15/applications/32/version/46/report/executions/235/runs/654/environments</failure>
        </testcase>
        <testcase name="TC - 013(P)Verify Retry functionality" classname="TS - 013(P)Verify Retry functionality" time="00.000">
            <failure>Test failed with message:"Unable to create a new Test Session due to unexpected failure(0x537).  No device matching the desired capabilities
".please visit below URL for more details.
 https://app.testsigma.com/#/projects/15/applications/32/version/46/report/executions/235/runs/654/environments</failure>
        </testcase>
        <testcase name="TC - 014(P)Verify Error Page is coming on any failure" classname="TS - 014(P)Verify Error Page is coming on any failure" time="00.000">
            <failure>Test failed with message:"Unable to create a new Test Session due to unexpected failure(0x537).  No device matching the desired capabilities
".please visit below URL for more details.
 https://app.testsigma.com/#/projects/15/applications/32/version/46/report/executions/235/runs/654/environments</failure>
        </testcase>
        <testcase name="TC - 015(P)/TC - 016(P)Verify App version with the build number/Verify HPE Privacy link" classname="TS - 015(P)/TS - 016(P)Verify App version with the build number/Verify HPE Privacy link" time="00.000">
            <failure>Test failed with message:"Unable to create a new Test Session due to unexpected failure(0x537).  No device matching the desired capabilities
".please visit below URL for more details.
 https://app.testsigma.com/#/projects/15/applications/32/version/46/report/executions/235/runs/654/environments</failure>
        </testcase>
        <testcase name="TC - 023(P)Verify the details on the provisioned profile card(ssid/organisation name)" classname="TS - 023(P)Verify the details on the provisioned profile card(ssid/organisation name)" time="00.000">
            <failure>Test failed with message:"Unable to create a new Test Session due to unexpected failure(0x537).  No device matching the desired capabilities
".please visit below URL for more details.
 https://app.testsigma.com/#/projects/15/applications/32/version/46/report/executions/235/runs/654/environments</failure>
        </testcase>
        <testcase name="TC - 001(N)Check app's behaviour when browser redirect data is corrupt" classname="TS - 001(N)Check app's behaviour when browser redirect data is corrupt" time="00.000">
            <failure>Test failed with message:"Unable to create a new Test Session due to unexpected failure(0x537).  No device matching the desired capabilities
".please visit below URL for more details.
 https://app.testsigma.com/#/projects/15/applications/32/version/46/report/executions/235/runs/654/environments</failure>
        </testcase>
        <testcase name="TC - 004(N)Check app's behaviour if user re-starts provisioning while provisioning is in progress." classname="TS - 004(N)Check app's behaviour if user re-starts provisioning while provisioning is in progress." time="00.000">
            <failure>Test failed with message:"Unable to create a new Test Session due to unexpected failure(0x537).  No device matching the desired capabilities
".please visit below URL for more details.
 https://app.testsigma.com/#/projects/15/applications/32/version/46/report/executions/235/runs/654/environments</failure>
        </testcase>
        <testcase name="TC - 012(N)Check app's behaviour when profile is already installed with app based provisioning and user tries web provisioning" classname="TS - 012(N)Check app's behaviour when profile is already installed with app based provisioning and user tries web provisioning" time="00.000">
            <failure>Test failed with message:"Unable to create a new Test Session due to unexpected failure(0x537).  No device matching the desired capabilities
".please visit below URL for more details.
 https://app.testsigma.com/#/projects/15/applications/32/version/46/report/executions/235/runs/654/environments</failure>
        </testcase>
        <testcase name="TC - 013(N)Check app's behaviour if user denies any consent/permission" classname="TS - 013(N)Check app's behaviour if user denies any consent/permission" time="00.000">
            <failure>Test failed with message:"Unable to create a new Test Session due to unexpected failure(0x537).  No device matching the desired capabilities
".please visit below URL for more details.
 https://app.testsigma.com/#/projects/15/applications/32/version/46/report/executions/235/runs/654/environments</failure>
        </testcase>
        <testcase name="TC - 014(N)Check app's behaviour if user manually removes profile from system settings" classname="TS - 014(N)Check app's behaviour if user manually removes profile from system settings" time="00.000">
            <failure>Test failed with message:"Unable to create a new Test Session due to unexpected failure(0x537).  No device matching the desired capabilities
".please visit below URL for more details.
 https://app.testsigma.com/#/projects/15/applications/32/version/46/report/executions/235/runs/654/environments</failure>
        </testcase>
        <testcase name="TC - 016(N)Check app's behaviour if user manually clears local storage of app" classname="TS - 016(N)Check app's behaviour if user manually clears local storage of app" time="00.000">
            <failure>Test failed with message:"Unable to create a new Test Session due to unexpected failure(0x537).  No device matching the desired capabilities
".please visit below URL for more details.
 https://app.testsigma.com/#/projects/15/applications/32/version/46/report/executions/235/runs/654/environments</failure>
        </testcase>
        <testcase name="TC - 017(N)Check app's behaviour with multi-instance scenario(App with non-running status)" classname="TS - 017(N)Check app's behaviour with multi-instance scenario(App with non-running status)" time="00.000">
            <failure>Test failed with message:"Unable to create a new Test Session due to unexpected failure(0x537).  No device matching the desired capabilities
".please visit below URL for more details.
 https://app.testsigma.com/#/projects/15/applications/32/version/46/report/executions/235/runs/654/environments</failure>
        </testcase>
        <testcase name="TC - 017(N)Check app's behaviour with multi-instance scenario(App with running status)" classname="TS - 017(N)Check app's behaviour with multi-instance scenario(App with running status)" time="00.000">
            <failure>Test failed with message:"Unable to create a new Test Session due to unexpected failure(0x537).  No device matching the desired capabilities
".please visit below URL for more details.
 https://app.testsigma.com/#/projects/15/applications/32/version/46/report/executions/235/runs/654/environments</failure>
        </testcase>
        <testcase name="TC - 003(N)Check app's behaviour when internet is abruptly goes off while provisioning the device" classname="TS - 003(N)Check app's behaviour when internet is abruptly goes off while provisioning the device" time="00.000">
            <failure>Test failed with message:"Unable to create a new Test Session due to unexpected failure(0x537).  No device matching the desired capabilities
".please visit below URL for more details.
 https://app.testsigma.com/#/projects/15/applications/32/version/46/report/executions/235/runs/654/environments</failure>
        </testcase>
        <testcase name="TC - 007(N)Check app's behaviour with multiple browsers" classname="TS - 007(N)Check app's behaviour with multiple browsers" time="00.000">
            <failure>Test failed with message:"Unable to create a new Test Session due to unexpected failure(0x537).  No device matching the desired capabilities
".please visit below URL for more details.
 https://app.testsigma.com/#/projects/15/applications/32/version/46/report/executions/235/runs/654/environments</failure>
        </testcase>
        <testcase name="TC - 008(N)Check app's behaviour without internet" classname="TS - 008(N)Check app's behaviour without internet" time="00.000">
            <failure>Test failed with message:"Unable to create a new Test Session due to unexpected failure(0x537).  No device matching the desired capabilities
".please visit below URL for more details.
 https://app.testsigma.com/#/projects/15/applications/32/version/46/report/executions/235/runs/654/environments</failure>
        </testcase>
        <testcase name="TC - 010(N)Check app's behaviour with same profile being provisioned twice" classname="TS - 010(N)Check app's behaviour with same profile being provisioned twice" time="00.000">
            <failure>Test failed with message:"Unable to create a new Test Session due to unexpected failure(0x537).  No device matching the desired capabilities
".please visit below URL for more details.
 https://app.testsigma.com/#/projects/15/applications/32/version/46/report/executions/235/runs/654/environments</failure>
        </testcase>
        <testcase name="TC - 006(N)Check app's behaviour when user retries provisioning after failure with exhausted OTP" classname="TS - 006(N)Check app's behaviour when user retries provisioning after failure with exhausted OTP" time="00.000">
            <failure>Test failed with message:"Unable to create a new Test Session due to unexpected failure(0x537).  No device matching the desired capabilities
".please visit below URL for more details.
 https://app.testsigma.com/#/projects/15/applications/32/version/46/report/executions/235/runs/654/environments</failure>
        </testcase>
        <system-out>For More info on results, visit https://app.testsigma.com/#/projects/15/applications/32/version/46/report/executions/235/runs/654/environments</system-out>
    </testsuite>
    <testsuite name="Android 9 All Devices || Android(9.0) (Galaxy A30)" timestamp="2021-02-22 15:20:24.0" tests="21" failures="21" errors="21" time="00.000">
        <properties>
            <property name="Testsigma reports URL" value="https://app.testsigma.com/#/projects/15/applications/32/version/46/report/executions/235/runs/654/environments"/>
        </properties>
        <testcase name="TC - 020(P)Multiple Profile Checks" classname="TS - 020(P)Multiple Profile Checks" time="00.000">
            <failure>Test failed with message:"Your Current Plan Reached Max Allowed Queue Size. Please upgrade for higher limits.".please visit below URL for more details.
 https://app.testsigma.com/#/projects/15/applications/32/version/46/report/executions/235/runs/654/environments</failure>
        </testcase>
        <testcase name="TC - 001(P)To verify CAC installation" classname="TS - 001(P)To verify CAC installation" time="00.000">
            <failure>Test failed with message:"Your Current Plan Reached Max Allowed Queue Size. Please upgrade for higher limits.".please visit below URL for more details.
 https://app.testsigma.com/#/projects/15/applications/32/version/46/report/executions/235/runs/654/environments</failure>
        </testcase>
        <testcase name="TC - 002(P)To verify CAC uninstallation" classname="TS - 002(P)To verify CAC uninstallation" time="00.000">
            <failure>Test failed with message:"Your Current Plan Reached Max Allowed Queue Size. Please upgrade for higher limits.".please visit below URL for more details.
 https://app.testsigma.com/#/projects/15/applications/32/version/46/report/executions/235/runs/654/environments</failure>
        </testcase>
        <testcase name="TC - 010(P)Verify Provisioned profile is cleared upon uninstalling the app*" classname="TS - 010(P)Verify Provisioned profile is cleared upon uninstalling the app*" time="00.000">
            <failure>Test failed with message:"Your Current Plan Reached Max Allowed Queue Size. Please upgrade for higher limits.".please visit below URL for more details.
 https://app.testsigma.com/#/projects/15/applications/32/version/46/report/executions/235/runs/654/environments</failure>
        </testcase>
        <testcase name="TC - 013(P)Verify Retry functionality" classname="TS - 013(P)Verify Retry functionality" time="00.000">
            <failure>Test failed with message:"Your Current Plan Reached Max Allowed Queue Size. Please upgrade for higher limits.".please visit below URL for more details.
 https://app.testsigma.com/#/projects/15/applications/32/version/46/report/executions/235/runs/654/environments</failure>
        </testcase>
        <testcase name="TC - 014(P)Verify Error Page is coming on any failure" classname="TS - 014(P)Verify Error Page is coming on any failure" time="00.000">
            <failure>Test failed with message:"Your Current Plan Reached Max Allowed Queue Size. Please upgrade for higher limits.".please visit below URL for more details.
 https://app.testsigma.com/#/projects/15/applications/32/version/46/report/executions/235/runs/654/environments</failure>
        </testcase>
        <testcase name="TC - 015(P)/TC - 016(P)Verify App version with the build number/Verify HPE Privacy link" classname="TS - 015(P)/TS - 016(P)Verify App version with the build number/Verify HPE Privacy link" time="00.000">
            <failure>Test failed with message:"Your Current Plan Reached Max Allowed Queue Size. Please upgrade for higher limits.".please visit below URL for more details.
 https://app.testsigma.com/#/projects/15/applications/32/version/46/report/executions/235/runs/654/environments</failure>
        </testcase>
        <testcase name="TC - 023(P)Verify the details on the provisioned profile card(ssid/organisation name)" classname="TS - 023(P)Verify the details on the provisioned profile card(ssid/organisation name)" time="00.000">
            <failure>Test failed with message:"Your Current Plan Reached Max Allowed Queue Size. Please upgrade for higher limits.".please visit below URL for more details.
 https://app.testsigma.com/#/projects/15/applications/32/version/46/report/executions/235/runs/654/environments</failure>
        </testcase>
        <testcase name="TC - 001(N)Check app's behaviour when browser redirect data is corrupt" classname="TS - 001(N)Check app's behaviour when browser redirect data is corrupt" time="00.000">
            <failure>Test failed with message:"Your Current Plan Reached Max Allowed Queue Size. Please upgrade for higher limits.".please visit below URL for more details.
 https://app.testsigma.com/#/projects/15/applications/32/version/46/report/executions/235/runs/654/environments</failure>
        </testcase>
        <testcase name="TC - 004(N)Check app's behaviour if user re-starts provisioning while provisioning is in progress." classname="TS - 004(N)Check app's behaviour if user re-starts provisioning while provisioning is in progress." time="00.000">
            <failure>Test failed with message:"Your Current Plan Reached Max Allowed Queue Size. Please upgrade for higher limits.".please visit below URL for more details.
 https://app.testsigma.com/#/projects/15/applications/32/version/46/report/executions/235/runs/654/environments</failure>
        </testcase>
        <testcase name="TC - 012(N)Check app's behaviour when profile is already installed with app based provisioning and user tries web provisioning" classname="TS - 012(N)Check app's behaviour when profile is already installed with app based provisioning and user tries web provisioning" time="00.000">
            <failure>Test failed with message:"Your Current Plan Reached Max Allowed Queue Size. Please upgrade for higher limits.".please visit below URL for more details.
 https://app.testsigma.com/#/projects/15/applications/32/version/46/report/executions/235/runs/654/environments</failure>
        </testcase>
        <testcase name="TC - 013(N)Check app's behaviour if user denies any consent/permission" classname="TS - 013(N)Check app's behaviour if user denies any consent/permission" time="00.000">
            <failure>Test failed with message:"Your Current Plan Reached Max Allowed Queue Size. Please upgrade for higher limits.".please visit below URL for more details.
 https://app.testsigma.com/#/projects/15/applications/32/version/46/report/executions/235/runs/654/environments</failure>
        </testcase>
        <testcase name="TC - 014(N)Check app's behaviour if user manually removes profile from system settings" classname="TS - 014(N)Check app's behaviour if user manually removes profile from system settings" time="00.000">
            <failure>Test failed with message:"Your Current Plan Reached Max Allowed Queue Size. Please upgrade for higher limits.".please visit below URL for more details.
 https://app.testsigma.com/#/projects/15/applications/32/version/46/report/executions/235/runs/654/environments</failure>
        </testcase>
        <testcase name="TC - 016(N)Check app's behaviour if user manually clears local storage of app" classname="TS - 016(N)Check app's behaviour if user manually clears local storage of app" time="00.000">
            <failure>Test failed with message:"Your Current Plan Reached Max Allowed Queue Size. Please upgrade for higher limits.".please visit below URL for more details.
 https://app.testsigma.com/#/projects/15/applications/32/version/46/report/executions/235/runs/654/environments</failure>
        </testcase>
        <testcase name="TC - 017(N)Check app's behaviour with multi-instance scenario(App with non-running status)" classname="TS - 017(N)Check app's behaviour with multi-instance scenario(App with non-running status)" time="00.000">
            <failure>Test failed with message:"Your Current Plan Reached Max Allowed Queue Size. Please upgrade for higher limits.".please visit below URL for more details.
 https://app.testsigma.com/#/projects/15/applications/32/version/46/report/executions/235/runs/654/environments</failure>
        </testcase>
        <testcase name="TC - 017(N)Check app's behaviour with multi-instance scenario(App with running status)" classname="TS - 017(N)Check app's behaviour with multi-instance scenario(App with running status)" time="00.000">
            <failure>Test failed with message:"Your Current Plan Reached Max Allowed Queue Size. Please upgrade for higher limits.".please visit below URL for more details.
 https://app.testsigma.com/#/projects/15/applications/32/version/46/report/executions/235/runs/654/environments</failure>
        </testcase>
        <testcase name="TC - 003(N)Check app's behaviour when internet is abruptly goes off while provisioning the device" classname="TS - 003(N)Check app's behaviour when internet is abruptly goes off while provisioning the device" time="00.000">
            <failure>Test failed with message:"Your Current Plan Reached Max Allowed Queue Size. Please upgrade for higher limits.".please visit below URL for more details.
 https://app.testsigma.com/#/projects/15/applications/32/version/46/report/executions/235/runs/654/environments</failure>
        </testcase>
        <testcase name="TC - 007(N)Check app's behaviour with multiple browsers" classname="TS - 007(N)Check app's behaviour with multiple browsers" time="00.000">
            <failure>Test failed with message:"Your Current Plan Reached Max Allowed Queue Size. Please upgrade for higher limits.".please visit below URL for more details.
 https://app.testsigma.com/#/projects/15/applications/32/version/46/report/executions/235/runs/654/environments</failure>
        </testcase>
        <testcase name="TC - 008(N)Check app's behaviour without internet" classname="TS - 008(N)Check app's behaviour without internet" time="00.000">
            <failure>Test failed with message:"Your Current Plan Reached Max Allowed Queue Size. Please upgrade for higher limits.".please visit below URL for more details.
 https://app.testsigma.com/#/projects/15/applications/32/version/46/report/executions/235/runs/654/environments</failure>
        </testcase>
        <testcase name="TC - 010(N)Check app's behaviour with same profile being provisioned twice" classname="TS - 010(N)Check app's behaviour with same profile being provisioned twice" time="00.000">
            <failure>Test failed with message:"Your Current Plan Reached Max Allowed Queue Size. Please upgrade for higher limits.".please visit below URL for more details.
 https://app.testsigma.com/#/projects/15/applications/32/version/46/report/executions/235/runs/654/environments</failure>
        </testcase>
        <testcase name="TC - 006(N)Check app's behaviour when user retries provisioning after failure with exhausted OTP" classname="TS - 006(N)Check app's behaviour when user retries provisioning after failure with exhausted OTP" time="00.000">
            <failure>Test failed with message:"Your Current Plan Reached Max Allowed Queue Size. Please upgrade for higher limits.".please visit below URL for more details.
 https://app.testsigma.com/#/projects/15/applications/32/version/46/report/executions/235/runs/654/environments</failure>
        </testcase>
        <system-out>For More info on results, visit https://app.testsigma.com/#/projects/15/applications/32/version/46/report/executions/235/runs/654/environments</system-out>
    </testsuite>
    <testsuite name="Android 9 All Devices || Android(9.0) (Galaxy A20)" timestamp="2021-02-22 15:20:27.0" tests="21" failures="21" errors="21" time="00.000">
        <properties>
            <property name="Testsigma reports URL" value="https://app.testsigma.com/#/projects/15/applications/32/version/46/report/executions/235/runs/654/environments"/>
        </properties>
        <testcase name="TC - 020(P)Multiple Profile Checks" classname="TS - 020(P)Multiple Profile Checks" time="00.000">
            <failure>Test failed with message:"Your Current Plan Reached Max Allowed Queue Size. Please upgrade for higher limits.".please visit below URL for more details.
 https://app.testsigma.com/#/projects/15/applications/32/version/46/report/executions/235/runs/654/environments</failure>
        </testcase>
        <testcase name="TC - 001(P)To verify CAC installation" classname="TS - 001(P)To verify CAC installation" time="00.000">
            <failure>Test failed with message:"Your Current Plan Reached Max Allowed Queue Size. Please upgrade for higher limits.".please visit below URL for more details.
 https://app.testsigma.com/#/projects/15/applications/32/version/46/report/executions/235/runs/654/environments</failure>
        </testcase>
        <testcase name="TC - 002(P)To verify CAC uninstallation" classname="TS - 002(P)To verify CAC uninstallation" time="00.000">
            <failure>Test failed with message:"Your Current Plan Reached Max Allowed Queue Size. Please upgrade for higher limits.".please visit below URL for more details.
 https://app.testsigma.com/#/projects/15/applications/32/version/46/report/executions/235/runs/654/environments</failure>
        </testcase>
        <testcase name="TC - 010(P)Verify Provisioned profile is cleared upon uninstalling the app*" classname="TS - 010(P)Verify Provisioned profile is cleared upon uninstalling the app*" time="00.000">
            <failure>Test failed with message:"Your Current Plan Reached Max Allowed Queue Size. Please upgrade for higher limits.".please visit below URL for more details.
 https://app.testsigma.com/#/projects/15/applications/32/version/46/report/executions/235/runs/654/environments</failure>
        </testcase>
        <testcase name="TC - 013(P)Verify Retry functionality" classname="TS - 013(P)Verify Retry functionality" time="00.000">
            <failure>Test failed with message:"Your Current Plan Reached Max Allowed Queue Size. Please upgrade for higher limits.".please visit below URL for more details.
 https://app.testsigma.com/#/projects/15/applications/32/version/46/report/executions/235/runs/654/environments</failure>
        </testcase>
        <testcase name="TC - 014(P)Verify Error Page is coming on any failure" classname="TS - 014(P)Verify Error Page is coming on any failure" time="00.000">
            <failure>Test failed with message:"Your Current Plan Reached Max Allowed Queue Size. Please upgrade for higher limits.".please visit below URL for more details.
 https://app.testsigma.com/#/projects/15/applications/32/version/46/report/executions/235/runs/654/environments</failure>
        </testcase>
        <testcase name="TC - 015(P)/TC - 016(P)Verify App version with the build number/Verify HPE Privacy link" classname="TS - 015(P)/TS - 016(P)Verify App version with the build number/Verify HPE Privacy link" time="00.000">
            <failure>Test failed with message:"Your Current Plan Reached Max Allowed Queue Size. Please upgrade for higher limits.".please visit below URL for more details.
 https://app.testsigma.com/#/projects/15/applications/32/version/46/report/executions/235/runs/654/environments</failure>
        </testcase>
        <testcase name="TC - 023(P)Verify the details on the provisioned profile card(ssid/organisation name)" classname="TS - 023(P)Verify the details on the provisioned profile card(ssid/organisation name)" time="00.000">
            <failure>Test failed with message:"Your Current Plan Reached Max Allowed Queue Size. Please upgrade for higher limits.".please visit below URL for more details.
 https://app.testsigma.com/#/projects/15/applications/32/version/46/report/executions/235/runs/654/environments</failure>
        </testcase>
        <testcase name="TC - 001(N)Check app's behaviour when browser redirect data is corrupt" classname="TS - 001(N)Check app's behaviour when browser redirect data is corrupt" time="00.000">
            <failure>Test failed with message:"Your Current Plan Reached Max Allowed Queue Size. Please upgrade for higher limits.".please visit below URL for more details.
 https://app.testsigma.com/#/projects/15/applications/32/version/46/report/executions/235/runs/654/environments</failure>
        </testcase>
        <testcase name="TC - 004(N)Check app's behaviour if user re-starts provisioning while provisioning is in progress." classname="TS - 004(N)Check app's behaviour if user re-starts provisioning while provisioning is in progress." time="00.000">
            <failure>Test failed with message:"Your Current Plan Reached Max Allowed Queue Size. Please upgrade for higher limits.".please visit below URL for more details.
 https://app.testsigma.com/#/projects/15/applications/32/version/46/report/executions/235/runs/654/environments</failure>
        </testcase>
        <testcase name="TC - 012(N)Check app's behaviour when profile is already installed with app based provisioning and user tries web provisioning" classname="TS - 012(N)Check app's behaviour when profile is already installed with app based provisioning and user tries web provisioning" time="00.000">
            <failure>Test failed with message:"Your Current Plan Reached Max Allowed Queue Size. Please upgrade for higher limits.".please visit below URL for more details.
 https://app.testsigma.com/#/projects/15/applications/32/version/46/report/executions/235/runs/654/environments</failure>
        </testcase>
        <testcase name="TC - 013(N)Check app's behaviour if user denies any consent/permission" classname="TS - 013(N)Check app's behaviour if user denies any consent/permission" time="00.000">
            <failure>Test failed with message:"Your Current Plan Reached Max Allowed Queue Size. Please upgrade for higher limits.".please visit below URL for more details.
 https://app.testsigma.com/#/projects/15/applications/32/version/46/report/executions/235/runs/654/environments</failure>
        </testcase>
        <testcase name="TC - 014(N)Check app's behaviour if user manually removes profile from system settings" classname="TS - 014(N)Check app's behaviour if user manually removes profile from system settings" time="00.000">
            <failure>Test failed with message:"Your Current Plan Reached Max Allowed Queue Size. Please upgrade for higher limits.".please visit below URL for more details.
 https://app.testsigma.com/#/projects/15/applications/32/version/46/report/executions/235/runs/654/environments</failure>
        </testcase>
        <testcase name="TC - 016(N)Check app's behaviour if user manually clears local storage of app" classname="TS - 016(N)Check app's behaviour if user manually clears local storage of app" time="00.000">
            <failure>Test failed with message:"Your Current Plan Reached Max Allowed Queue Size. Please upgrade for higher limits.".please visit below URL for more details.
 https://app.testsigma.com/#/projects/15/applications/32/version/46/report/executions/235/runs/654/environments</failure>
        </testcase>
        <testcase name="TC - 017(N)Check app's behaviour with multi-instance scenario(App with non-running status)" classname="TS - 017(N)Check app's behaviour with multi-instance scenario(App with non-running status)" time="00.000">
            <failure>Test failed with message:"Your Current Plan Reached Max Allowed Queue Size. Please upgrade for higher limits.".please visit below URL for more details.
 https://app.testsigma.com/#/projects/15/applications/32/version/46/report/executions/235/runs/654/environments</failure>
        </testcase>
        <testcase name="TC - 017(N)Check app's behaviour with multi-instance scenario(App with running status)" classname="TS - 017(N)Check app's behaviour with multi-instance scenario(App with running status)" time="00.000">
            <failure>Test failed with message:"Your Current Plan Reached Max Allowed Queue Size. Please upgrade for higher limits.".please visit below URL for more details.
 https://app.testsigma.com/#/projects/15/applications/32/version/46/report/executions/235/runs/654/environments</failure>
        </testcase>
        <testcase name="TC - 003(N)Check app's behaviour when internet is abruptly goes off while provisioning the device" classname="TS - 003(N)Check app's behaviour when internet is abruptly goes off while provisioning the device" time="00.000">
            <failure>Test failed with message:"Your Current Plan Reached Max Allowed Queue Size. Please upgrade for higher limits.".please visit below URL for more details.
 https://app.testsigma.com/#/projects/15/applications/32/version/46/report/executions/235/runs/654/environments</failure>
        </testcase>
        <testcase name="TC - 007(N)Check app's behaviour with multiple browsers" classname="TS - 007(N)Check app's behaviour with multiple browsers" time="00.000">
            <failure>Test failed with message:"Your Current Plan Reached Max Allowed Queue Size. Please upgrade for higher limits.".please visit below URL for more details.
 https://app.testsigma.com/#/projects/15/applications/32/version/46/report/executions/235/runs/654/environments</failure>
        </testcase>
        <testcase name="TC - 008(N)Check app's behaviour without internet" classname="TS - 008(N)Check app's behaviour without internet" time="00.000">
            <failure>Test failed with message:"Your Current Plan Reached Max Allowed Queue Size. Please upgrade for higher limits.".please visit below URL for more details.
 https://app.testsigma.com/#/projects/15/applications/32/version/46/report/executions/235/runs/654/environments</failure>
        </testcase>
        <testcase name="TC - 010(N)Check app's behaviour with same profile being provisioned twice" classname="TS - 010(N)Check app's behaviour with same profile being provisioned twice" time="00.000">
            <failure>Test failed with message:"Your Current Plan Reached Max Allowed Queue Size. Please upgrade for higher limits.".please visit below URL for more details.
 https://app.testsigma.com/#/projects/15/applications/32/version/46/report/executions/235/runs/654/environments</failure>
        </testcase>
        <testcase name="TC - 006(N)Check app's behaviour when user retries provisioning after failure with exhausted OTP" classname="TS - 006(N)Check app's behaviour when user retries provisioning after failure with exhausted OTP" time="00.000">
            <failure>Test failed with message:"Your Current Plan Reached Max Allowed Queue Size. Please upgrade for higher limits.".please visit below URL for more details.
 https://app.testsigma.com/#/projects/15/applications/32/version/46/report/executions/235/runs/654/environments</failure>
        </testcase>
        <system-out>For More info on results, visit https://app.testsigma.com/#/projects/15/applications/32/version/46/report/executions/235/runs/654/environments</system-out>
    </testsuite>
</testsuites>